Using pre-set license
Built from '2020.3/staging' branch; Version is '2020.3.19f1 (68f137dc9bbe) revision 6877495'; Using compiler version '192528614'; Build Type 'Release'
OS: 'Windows 10 Pro; OS build 19043.1348; Version 2009; 64bit' Language: 'es' Physical Memory: 16342 MB
BatchMode: 1, IsHumanControllingUs: 0, StartBugReporterOnCrash: 0, Is64bit: 1, IsPro: 0

COMMAND LINE ARGUMENTS:
C:\Program Files\Unity\Hub\Editor\2020.3.19f1\Editor\Unity.exe
-adb2
-batchMode
-noUpm
-name
AssetImportWorker0
-projectPath
D:/Alexander_Hidalgo_Calafat_Unity/P2GameplayBasico
-logFile
Logs/AssetImportWorker0.log
-srvPort
52116
Successfully changed project path to: D:/Alexander_Hidalgo_Calafat_Unity/P2GameplayBasico
D:/Alexander_Hidalgo_Calafat_Unity/P2GameplayBasico
Using Asset Import Pipeline V2.
Refreshing native plugins compatible for Editor in 40.04 ms, found 2 plugins.
Preloading 0 native plugins for Editor in 0.00 ms.
Initialize engine version: 2020.3.19f1 (68f137dc9bbe)
[Subsystems] Discovering subsystems at path C:/Program Files/Unity/Hub/Editor/2020.3.19f1/Editor/Data/Resources/UnitySubsystems
[Subsystems] Discovering subsystems at path D:/Alexander_Hidalgo_Calafat_Unity/P2GameplayBasico/Assets
GfxDevice: creating device client; threaded=0
Direct3D:
    Version:  Direct3D 11.0 [level 11.1]
    Renderer: NVIDIA GeForce GTX 1050 Ti (ID=0x1c82)
    Vendor:   
    VRAM:     4018 MB
    Driver:   27.21.14.5671
Initialize mono
Mono path[0] = 'C:/Program Files/Unity/Hub/Editor/2020.3.19f1/Editor/Data/Managed'
Mono path[1] = 'C:/Program Files/Unity/Hub/Editor/2020.3.19f1/Editor/Data/MonoBleedingEdge/lib/mono/unityjit'
Mono config path = 'C:/Program Files/Unity/Hub/Editor/2020.3.19f1/Editor/Data/MonoBleedingEdge/etc'
Using monoOptions --debugger-agent=transport=dt_socket,embedding=1,server=y,suspend=n,address=127.0.0.1:56868
Begin MonoManager ReloadAssembly
Registering precompiled unity dll's ...
Register platform support module: C:/Program Files/Unity/Hub/Editor/2020.3.19f1/Editor/Data/PlaybackEngines/WindowsStandaloneSupport/UnityEditor.WindowsStandalone.Extensions.dll
Registered in 0.002543 seconds.
Native extension for WindowsStandalone target not found
Refreshing native plugins compatible for Editor in 75.00 ms, found 2 plugins.
Preloading 0 native plugins for Editor in 0.00 ms.
Mono: successfully reloaded assembly
- Completed reload, in  1.580 seconds
Domain Reload Profiling:
	ReloadAssembly (1580ms)
		BeginReloadAssembly (84ms)
			ExecutionOrderSort (0ms)
			DisableScriptedObjects (0ms)
			BackupInstance (0ms)
			ReleaseScriptingObjects (0ms)
			CreateAndSetChildDomain (1ms)
		EndReloadAssembly (588ms)
			LoadAssemblies (82ms)
			RebuildTransferFunctionScriptingTraits (0ms)
			SetupTypeCache (183ms)
			ReleaseScriptCaches (0ms)
			RebuildScriptCaches (47ms)
			SetupLoadedEditorAssemblies (268ms)
				LogAssemblyErrors (0ms)
				InitializePlatformSupportModulesInManaged (5ms)
				SetLoadedEditorAssemblies (0ms)
				RefreshPlugins (75ms)
				BeforeProcessingInitializeOnLoad (23ms)
				ProcessInitializeOnLoadAttributes (121ms)
				ProcessInitializeOnLoadMethodAttributes (44ms)
				AfterProcessingInitializeOnLoad (0ms)
				EditorAssembliesLoaded (0ms)
			ExecutionOrderSort2 (0ms)
			AwakeInstancesAfterBackupRestoration (0ms)
Platform modules already initialized, skipping
Registering precompiled user dll's ...
Registered in 0.004914 seconds.
Begin MonoManager ReloadAssembly
Native extension for WindowsStandalone target not found
Refreshing native plugins compatible for Editor in 0.39 ms, found 2 plugins.
Preloading 0 native plugins for Editor in 0.00 ms.
Mono: successfully reloaded assembly
- Completed reload, in  1.305 seconds
Domain Reload Profiling:
	ReloadAssembly (1305ms)
		BeginReloadAssembly (168ms)
			ExecutionOrderSort (0ms)
			DisableScriptedObjects (5ms)
			BackupInstance (0ms)
			ReleaseScriptingObjects (0ms)
			CreateAndSetChildDomain (20ms)
		EndReloadAssembly (1066ms)
			LoadAssemblies (96ms)
			RebuildTransferFunctionScriptingTraits (0ms)
			SetupTypeCache (352ms)
			ReleaseScriptCaches (0ms)
			RebuildScriptCaches (50ms)
			SetupLoadedEditorAssemblies (449ms)
				LogAssemblyErrors (0ms)
				InitializePlatformSupportModulesInManaged (6ms)
				SetLoadedEditorAssemblies (1ms)
				RefreshPlugins (0ms)
				BeforeProcessingInitializeOnLoad (129ms)
				ProcessInitializeOnLoadAttributes (295ms)
				ProcessInitializeOnLoadMethodAttributes (9ms)
				AfterProcessingInitializeOnLoad (8ms)
				EditorAssembliesLoaded (0ms)
			ExecutionOrderSort2 (0ms)
			AwakeInstancesAfterBackupRestoration (9ms)
Platform modules already initialized, skipping
========================================================================
Worker process is ready to serve import requests
Launched and connected shader compiler UnityShaderCompiler.exe after 0.05 seconds
Refreshing native plugins compatible for Editor in 0.39 ms, found 2 plugins.
Preloading 0 native plugins for Editor in 0.00 ms.
Unloading 1450 Unused Serialized files (Serialized files now loaded: 0)
System memory in use before: 66.6 MB.
System memory in use after: 66.6 MB.

Unloading 23 unused Assets to reduce memory usage. Loaded Objects now: 1884.
Total: 3.228000 ms (FindLiveObjects: 0.169400 ms CreateObjectMapping: 0.057000 ms MarkObjects: 2.901900 ms  DeleteObjects: 0.097600 ms)

AssetImportParameters requested are different than current active one (requested -> active):
  custom:framework-win-MediaFoundation: 216162199b28c13a410421893ffa2e32 -> 
  custom:video-decoder-ogg-theora: a1e56fd34408186e4bbccfd4996cb3dc -> 
  custom:container-muxer-webm: aa71ff27fc2769a1b78a27578f13a17b -> 
  custom:container-demuxer-webm: 4f35f7cbe854078d1ac9338744f61a02 -> 
  custom:container-demuxer-ogg: 62fdf1f143b41e24485cea50d1cbac27 -> 
  custom:video-encoder-webm-vp8: eb34c28f22e8b96e1ab97ce403110664 -> 
  custom:video-decoder-webm-vp8: 9c59270c3fd7afecdb556c50c9e8de78 -> 
  custom:audio-decoder-ogg-vorbis: bf7c407c2cedff20999df2af8eb42d56 -> 
  custom:audio-encoder-webm-vorbis: bf7c407c2cedff20999df2af8eb42d56 -> 
========================================================================
Received Import Request.
  path: Assets/Scripts/DestroyOutOfBounds.cs
  artifactKey: Guid(2f425a0b3e1111b459ff3477f7c66195) Importer(815301076,1909f56bfc062723c751e8b465ee728b)
Start importing Assets/Scripts/DestroyOutOfBounds.cs using Guid(2f425a0b3e1111b459ff3477f7c66195) Importer(815301076,1909f56bfc062723c751e8b465ee728b)  -> (artifact id: 'a9041a47ca5f021522d1a632c8d6a56b') in 0.034747 seconds 
  Import took 0.037904 seconds .

========================================================================
Received Import Request.
  Time since last request: 3.207883 seconds.
  path: Assets/Scripts/DetectCollision.cs
  artifactKey: Guid(a641ca7ac99fa7e40a209bd258525522) Importer(815301076,1909f56bfc062723c751e8b465ee728b)
Start importing Assets/Scripts/DetectCollision.cs using Guid(a641ca7ac99fa7e40a209bd258525522) Importer(815301076,1909f56bfc062723c751e8b465ee728b)  -> (artifact id: 'aa6cec1c5e85c37aadfde568ed39f018') in 0.034735 seconds 
  Import took 0.050860 seconds .

========================================================================
Received Import Request.
  Time since last request: 2.020602 seconds.
  path: Assets/Scripts/MoveForward.cs
  artifactKey: Guid(576a70e84a1c8f249b52efae2220da66) Importer(815301076,1909f56bfc062723c751e8b465ee728b)
Start importing Assets/Scripts/MoveForward.cs using Guid(576a70e84a1c8f249b52efae2220da66) Importer(815301076,1909f56bfc062723c751e8b465ee728b)  -> (artifact id: '28c90d5e52ac6e85cea1ef87f05b4bd7') in 0.013759 seconds 
  Import took 0.017373 seconds .

========================================================================
Received Import Request.
  Time since last request: 2.236781 seconds.
  path: Assets/Scripts/PlayerController.cs
  artifactKey: Guid(270606c946137104eb2a907bdd7aed31) Importer(815301076,1909f56bfc062723c751e8b465ee728b)
Start importing Assets/Scripts/PlayerController.cs using Guid(270606c946137104eb2a907bdd7aed31) Importer(815301076,1909f56bfc062723c751e8b465ee728b)  -> (artifact id: 'a3b0f8e54cbd0631866480ded6f5df41') in 0.005180 seconds 
  Import took 0.007799 seconds .

========================================================================
Received Import Request.
  Time since last request: 1.610278 seconds.
  path: Assets/Scripts/SpawnManager.cs
  artifactKey: Guid(9c55c0fcb88fdf8439712a1579259129) Importer(815301076,1909f56bfc062723c751e8b465ee728b)
Start importing Assets/Scripts/SpawnManager.cs using Guid(9c55c0fcb88fdf8439712a1579259129) Importer(815301076,1909f56bfc062723c751e8b465ee728b)  -> (artifact id: 'd73247b19e68e9b777f8f2109c27dac9') in 0.002038 seconds 
  Import took 0.004729 seconds .

========================================================================
Received Import Request.
  Time since last request: 1140.877850 seconds.
  path: Assets/Scripts/SpawnManager.cs
  artifactKey: Guid(9c55c0fcb88fdf8439712a1579259129) Importer(815301076,1909f56bfc062723c751e8b465ee728b)
Start importing Assets/Scripts/SpawnManager.cs using Guid(9c55c0fcb88fdf8439712a1579259129) Importer(815301076,1909f56bfc062723c751e8b465ee728b)  -> (artifact id: '7ab7694cc8e2a3ee81c417f7195ef797') in 0.002715 seconds 
  Import took 0.005576 seconds .

========================================================================
Received Import Request.
  Time since last request: 480.197680 seconds.
  path: Assets/Scripts/SpawnManager.cs
  artifactKey: Guid(9c55c0fcb88fdf8439712a1579259129) Importer(815301076,1909f56bfc062723c751e8b465ee728b)
Start importing Assets/Scripts/SpawnManager.cs using Guid(9c55c0fcb88fdf8439712a1579259129) Importer(815301076,1909f56bfc062723c751e8b465ee728b)  -> (artifact id: '287a663daab7bafc1555639ece8dea30') in 0.003524 seconds 
  Import took 0.006314 seconds .

========================================================================
Received Import Request.
  Time since last request: 39.897240 seconds.
  path: Assets/Scripts/SpawnManager.cs
  artifactKey: Guid(9c55c0fcb88fdf8439712a1579259129) Importer(815301076,1909f56bfc062723c751e8b465ee728b)
Start importing Assets/Scripts/SpawnManager.cs using Guid(9c55c0fcb88fdf8439712a1579259129) Importer(815301076,1909f56bfc062723c751e8b465ee728b)  -> (artifact id: '4ae57cd461fc2a92d7846dba31d8ff2f') in 0.008697 seconds 
  Import took 0.011343 seconds .

========================================================================
Received Import Request.
  Time since last request: 66.290435 seconds.
  path: Assets/Scripts/SpawnManager.cs
  artifactKey: Guid(9c55c0fcb88fdf8439712a1579259129) Importer(815301076,1909f56bfc062723c751e8b465ee728b)
Start importing Assets/Scripts/SpawnManager.cs using Guid(9c55c0fcb88fdf8439712a1579259129) Importer(815301076,1909f56bfc062723c751e8b465ee728b)  -> (artifact id: 'accaf9365ac65bcab5f95565ce28f9b3') in 0.002757 seconds 
  Import took 0.005817 seconds .

========================================================================
Received Import Request.
  Time since last request: 70.908780 seconds.
  path: Assets/Scripts/SpawnManager.cs
  artifactKey: Guid(9c55c0fcb88fdf8439712a1579259129) Importer(815301076,1909f56bfc062723c751e8b465ee728b)
Start importing Assets/Scripts/SpawnManager.cs using Guid(9c55c0fcb88fdf8439712a1579259129) Importer(815301076,1909f56bfc062723c751e8b465ee728b)  -> (artifact id: '1c3156173a5ef822b5511a2a1a76c471') in 0.002208 seconds 
  Import took 0.005200 seconds .

========================================================================
Received Import Request.
  Time since last request: 38.180280 seconds.
  path: Assets/Scripts/SpawnManager.cs
  artifactKey: Guid(9c55c0fcb88fdf8439712a1579259129) Importer(815301076,1909f56bfc062723c751e8b465ee728b)
Start importing Assets/Scripts/SpawnManager.cs using Guid(9c55c0fcb88fdf8439712a1579259129) Importer(815301076,1909f56bfc062723c751e8b465ee728b)  -> (artifact id: '5c6ebdb738308fa4ba898f4cb0f58b33') in 0.002330 seconds 
  Import took 0.005011 seconds .

========================================================================
Received Import Request.
  Time since last request: 5.698597 seconds.
  path: Assets/Scripts/SpawnManager.cs
  artifactKey: Guid(9c55c0fcb88fdf8439712a1579259129) Importer(815301076,1909f56bfc062723c751e8b465ee728b)
Start importing Assets/Scripts/SpawnManager.cs using Guid(9c55c0fcb88fdf8439712a1579259129) Importer(815301076,1909f56bfc062723c751e8b465ee728b)  -> (artifact id: 'f52aaf8ed75cb1f50f341966d293b2a7') in 0.003860 seconds 
  Import took 0.007618 seconds .

========================================================================
Received Import Request.
  Time since last request: 10.102808 seconds.
  path: Assets/Scripts/SpawnManager.cs
  artifactKey: Guid(9c55c0fcb88fdf8439712a1579259129) Importer(815301076,1909f56bfc062723c751e8b465ee728b)
Start importing Assets/Scripts/SpawnManager.cs using Guid(9c55c0fcb88fdf8439712a1579259129) Importer(815301076,1909f56bfc062723c751e8b465ee728b)  -> (artifact id: '930ed6d18321dd70f4692c5807ac1c57') in 0.002479 seconds 
  Import took 0.005531 seconds .

========================================================================
Received Import Request.
  Time since last request: 45.676209 seconds.
  path: Assets/Scripts/SpawnManager.cs
  artifactKey: Guid(9c55c0fcb88fdf8439712a1579259129) Importer(815301076,1909f56bfc062723c751e8b465ee728b)
Start importing Assets/Scripts/SpawnManager.cs using Guid(9c55c0fcb88fdf8439712a1579259129) Importer(815301076,1909f56bfc062723c751e8b465ee728b)  -> (artifact id: 'de23b42d516b0419fe90abb512bb278b') in 0.002201 seconds 
  Import took 0.005047 seconds .

========================================================================
Received Import Request.
  Time since last request: 23.425131 seconds.
  path: Assets/Scripts/SpawnManager.cs
  artifactKey: Guid(9c55c0fcb88fdf8439712a1579259129) Importer(815301076,1909f56bfc062723c751e8b465ee728b)
Start importing Assets/Scripts/SpawnManager.cs using Guid(9c55c0fcb88fdf8439712a1579259129) Importer(815301076,1909f56bfc062723c751e8b465ee728b)  -> (artifact id: 'e827455df3f024cb62d780c9612937d8') in 0.002407 seconds 
  Import took 0.005296 seconds .

========================================================================
Received Import Request.
  Time since last request: 6.293043 seconds.
  path: Assets/Scripts/SpawnManager.cs
  artifactKey: Guid(9c55c0fcb88fdf8439712a1579259129) Importer(815301076,1909f56bfc062723c751e8b465ee728b)
Start importing Assets/Scripts/SpawnManager.cs using Guid(9c55c0fcb88fdf8439712a1579259129) Importer(815301076,1909f56bfc062723c751e8b465ee728b)  -> (artifact id: '6b3f3a9e56488b3b54d15ae210228f1d') in 0.002450 seconds 
  Import took 0.005310 seconds .

========================================================================
Received Import Request.
  Time since last request: 116.644876 seconds.
  path: Assets/Scripts/SpawnManager.cs
  artifactKey: Guid(9c55c0fcb88fdf8439712a1579259129) Importer(815301076,1909f56bfc062723c751e8b465ee728b)
Start importing Assets/Scripts/SpawnManager.cs using Guid(9c55c0fcb88fdf8439712a1579259129) Importer(815301076,1909f56bfc062723c751e8b465ee728b)  -> (artifact id: '679589e67135b06cd7254eca7d55c492') in 0.002011 seconds 
  Import took 0.004672 seconds .

========================================================================
Received Prepare
Registering precompiled user dll's ...
Registered in 0.007755 seconds.
Begin MonoManager ReloadAssembly
Native extension for WindowsStandalone target not found
Refreshing native plugins compatible for Editor in 0.37 ms, found 2 plugins.
Preloading 0 native plugins for Editor in 0.00 ms.
Mono: successfully reloaded assembly
- Completed reload, in  1.088 seconds
Domain Reload Profiling:
	ReloadAssembly (1089ms)
		BeginReloadAssembly (152ms)
			ExecutionOrderSort (0ms)
			DisableScriptedObjects (5ms)
			BackupInstance (0ms)
			ReleaseScriptingObjects (0ms)
			CreateAndSetChildDomain (47ms)
		EndReloadAssembly (868ms)
			LoadAssemblies (96ms)
			RebuildTransferFunctionScriptingTraits (0ms)
			SetupTypeCache (308ms)
			ReleaseScriptCaches (1ms)
			RebuildScriptCaches (40ms)
			SetupLoadedEditorAssemblies (315ms)
				LogAssemblyErrors (0ms)
				InitializePlatformSupportModulesInManaged (5ms)
				SetLoadedEditorAssemblies (0ms)
				RefreshPlugins (0ms)
				BeforeProcessingInitializeOnLoad (79ms)
				ProcessInitializeOnLoadAttributes (219ms)
				ProcessInitializeOnLoadMethodAttributes (5ms)
				AfterProcessingInitializeOnLoad (6ms)
				EditorAssembliesLoaded (0ms)
			ExecutionOrderSort2 (0ms)
			AwakeInstancesAfterBackupRestoration (7ms)
Platform modules already initialized, skipping
Refreshing native plugins compatible for Editor in 0.39 ms, found 2 plugins.
Preloading 0 native plugins for Editor in 0.00 ms.
Unloading 1443 Unused Serialized files (Serialized files now loaded: 0)
System memory in use before: 66.4 MB.
System memory in use after: 66.5 MB.

Unloading 18 unused Assets to reduce memory usage. Loaded Objects now: 1886.
Total: 3.431600 ms (FindLiveObjects: 0.197600 ms CreateObjectMapping: 0.058000 ms MarkObjects: 3.139200 ms  DeleteObjects: 0.035400 ms)

AssetImportParameters requested are different than current active one (requested -> active):
  custom:framework-win-MediaFoundation: 216162199b28c13a410421893ffa2e32 -> 
  custom:video-decoder-ogg-theora: a1e56fd34408186e4bbccfd4996cb3dc -> 
  custom:container-muxer-webm: aa71ff27fc2769a1b78a27578f13a17b -> 
  custom:container-demuxer-webm: 4f35f7cbe854078d1ac9338744f61a02 -> 
  custom:container-demuxer-ogg: 62fdf1f143b41e24485cea50d1cbac27 -> 
  custom:video-encoder-webm-vp8: eb34c28f22e8b96e1ab97ce403110664 -> 
  custom:video-decoder-webm-vp8: 9c59270c3fd7afecdb556c50c9e8de78 -> 
  custom:audio-decoder-ogg-vorbis: bf7c407c2cedff20999df2af8eb42d56 -> 
  custom:audio-encoder-webm-vorbis: bf7c407c2cedff20999df2af8eb42d56 -> 
AssetImportWorkerClient::OnTransportError - code=2 error=End of file
