Using pre-set license
Built from '2020.3/staging' branch; Version is '2020.3.19f1 (68f137dc9bbe) revision 6877495'; Using compiler version '192528614'; Build Type 'Release'
OS: 'Windows 10 Pro; OS build 19043.1348; Version 2009; 64bit' Language: 'es' Physical Memory: 16342 MB
BatchMode: 1, IsHumanControllingUs: 0, StartBugReporterOnCrash: 0, Is64bit: 1, IsPro: 0

COMMAND LINE ARGUMENTS:
C:\Program Files\Unity\Hub\Editor\2020.3.19f1\Editor\Unity.exe
-adb2
-batchMode
-noUpm
-name
AssetImportWorker0
-projectPath
D:/Alexander_Hidalgo_Calafat_Unity/P2GameplayBasico
-logFile
Logs/AssetImportWorker0.log
-srvPort
59769
Successfully changed project path to: D:/Alexander_Hidalgo_Calafat_Unity/P2GameplayBasico
D:/Alexander_Hidalgo_Calafat_Unity/P2GameplayBasico
Using Asset Import Pipeline V2.
Refreshing native plugins compatible for Editor in 38.27 ms, found 2 plugins.
Preloading 0 native plugins for Editor in 0.00 ms.
Initialize engine version: 2020.3.19f1 (68f137dc9bbe)
[Subsystems] Discovering subsystems at path C:/Program Files/Unity/Hub/Editor/2020.3.19f1/Editor/Data/Resources/UnitySubsystems
[Subsystems] Discovering subsystems at path D:/Alexander_Hidalgo_Calafat_Unity/P2GameplayBasico/Assets
GfxDevice: creating device client; threaded=0
Direct3D:
    Version:  Direct3D 11.0 [level 11.1]
    Renderer: NVIDIA GeForce GTX 1050 Ti (ID=0x1c82)
    Vendor:   
    VRAM:     4018 MB
    Driver:   27.21.14.5671
Initialize mono
Mono path[0] = 'C:/Program Files/Unity/Hub/Editor/2020.3.19f1/Editor/Data/Managed'
Mono path[1] = 'C:/Program Files/Unity/Hub/Editor/2020.3.19f1/Editor/Data/MonoBleedingEdge/lib/mono/unityjit'
Mono config path = 'C:/Program Files/Unity/Hub/Editor/2020.3.19f1/Editor/Data/MonoBleedingEdge/etc'
Using monoOptions --debugger-agent=transport=dt_socket,embedding=1,server=y,suspend=n,address=127.0.0.1:56716
Begin MonoManager ReloadAssembly
Registering precompiled unity dll's ...
Register platform support module: C:/Program Files/Unity/Hub/Editor/2020.3.19f1/Editor/Data/PlaybackEngines/WindowsStandaloneSupport/UnityEditor.WindowsStandalone.Extensions.dll
Registered in 0.001768 seconds.
Native extension for WindowsStandalone target not found
Refreshing native plugins compatible for Editor in 37.96 ms, found 2 plugins.
Preloading 0 native plugins for Editor in 0.00 ms.
Mono: successfully reloaded assembly
- Completed reload, in  1.118 seconds
Domain Reload Profiling:
	ReloadAssembly (1118ms)
		BeginReloadAssembly (57ms)
			ExecutionOrderSort (0ms)
			DisableScriptedObjects (0ms)
			BackupInstance (0ms)
			ReleaseScriptingObjects (0ms)
			CreateAndSetChildDomain (1ms)
		EndReloadAssembly (479ms)
			LoadAssemblies (55ms)
			RebuildTransferFunctionScriptingTraits (0ms)
			SetupTypeCache (182ms)
			ReleaseScriptCaches (0ms)
			RebuildScriptCaches (34ms)
			SetupLoadedEditorAssemblies (185ms)
				LogAssemblyErrors (0ms)
				InitializePlatformSupportModulesInManaged (4ms)
				SetLoadedEditorAssemblies (0ms)
				RefreshPlugins (38ms)
				BeforeProcessingInitializeOnLoad (19ms)
				ProcessInitializeOnLoadAttributes (91ms)
				ProcessInitializeOnLoadMethodAttributes (32ms)
				AfterProcessingInitializeOnLoad (0ms)
				EditorAssembliesLoaded (0ms)
			ExecutionOrderSort2 (0ms)
			AwakeInstancesAfterBackupRestoration (0ms)
Platform modules already initialized, skipping
Registering precompiled user dll's ...
Registered in 0.004695 seconds.
Begin MonoManager ReloadAssembly
Native extension for WindowsStandalone target not found
Refreshing native plugins compatible for Editor in 0.37 ms, found 2 plugins.
Preloading 0 native plugins for Editor in 0.00 ms.
Mono: successfully reloaded assembly
- Completed reload, in  1.118 seconds
Domain Reload Profiling:
	ReloadAssembly (1119ms)
		BeginReloadAssembly (160ms)
			ExecutionOrderSort (0ms)
			DisableScriptedObjects (5ms)
			BackupInstance (0ms)
			ReleaseScriptingObjects (0ms)
			CreateAndSetChildDomain (20ms)
		EndReloadAssembly (891ms)
			LoadAssemblies (93ms)
			RebuildTransferFunctionScriptingTraits (0ms)
			SetupTypeCache (307ms)
			ReleaseScriptCaches (0ms)
			RebuildScriptCaches (47ms)
			SetupLoadedEditorAssemblies (336ms)
				LogAssemblyErrors (0ms)
				InitializePlatformSupportModulesInManaged (5ms)
				SetLoadedEditorAssemblies (1ms)
				RefreshPlugins (0ms)
				BeforeProcessingInitializeOnLoad (84ms)
				ProcessInitializeOnLoadAttributes (236ms)
				ProcessInitializeOnLoadMethodAttributes (5ms)
				AfterProcessingInitializeOnLoad (5ms)
				EditorAssembliesLoaded (0ms)
			ExecutionOrderSort2 (0ms)
			AwakeInstancesAfterBackupRestoration (8ms)
Platform modules already initialized, skipping
========================================================================
Worker process is ready to serve import requests
Launched and connected shader compiler UnityShaderCompiler.exe after 0.04 seconds
Refreshing native plugins compatible for Editor in 0.38 ms, found 2 plugins.
Preloading 0 native plugins for Editor in 0.00 ms.
Unloading 1449 Unused Serialized files (Serialized files now loaded: 0)
System memory in use before: 66.5 MB.
System memory in use after: 66.6 MB.

Unloading 23 unused Assets to reduce memory usage. Loaded Objects now: 1883.
Total: 3.013400 ms (FindLiveObjects: 0.158600 ms CreateObjectMapping: 0.054900 ms MarkObjects: 2.678500 ms  DeleteObjects: 0.120100 ms)

AssetImportParameters requested are different than current active one (requested -> active):
  custom:framework-win-MediaFoundation: 216162199b28c13a410421893ffa2e32 -> 
  custom:video-decoder-ogg-theora: a1e56fd34408186e4bbccfd4996cb3dc -> 
  custom:container-muxer-webm: aa71ff27fc2769a1b78a27578f13a17b -> 
  custom:container-demuxer-webm: 4f35f7cbe854078d1ac9338744f61a02 -> 
  custom:container-demuxer-ogg: 62fdf1f143b41e24485cea50d1cbac27 -> 
  custom:video-encoder-webm-vp8: eb34c28f22e8b96e1ab97ce403110664 -> 
  custom:video-decoder-webm-vp8: 9c59270c3fd7afecdb556c50c9e8de78 -> 
  custom:audio-decoder-ogg-vorbis: bf7c407c2cedff20999df2af8eb42d56 -> 
  custom:audio-encoder-webm-vorbis: bf7c407c2cedff20999df2af8eb42d56 -> 
========================================================================
Received Import Request.
  path: Assets/Prefabs/Food_Pizza_01.prefab
  artifactKey: Guid(b94817919faaf1340b0ba105887d80e1) Importer(815301076,1909f56bfc062723c751e8b465ee728b)
Start importing Assets/Prefabs/Food_Pizza_01.prefab using Guid(b94817919faaf1340b0ba105887d80e1) Importer(815301076,1909f56bfc062723c751e8b465ee728b)  -> (artifact id: 'a8faaba2235ee00ea79889961a72c03e') in 0.116684 seconds 
  Import took 0.119206 seconds .

========================================================================
Received Import Request.
  Time since last request: 330.822816 seconds.
  path: Assets/Prefabs/Food_Pizza_01.prefab
  artifactKey: Guid(b94817919faaf1340b0ba105887d80e1) Importer(815301076,1909f56bfc062723c751e8b465ee728b)
Start importing Assets/Prefabs/Food_Pizza_01.prefab using Guid(b94817919faaf1340b0ba105887d80e1) Importer(815301076,1909f56bfc062723c751e8b465ee728b)  -> (artifact id: '8107d9fe1cf38ed4e726756f2e7fe3dc') in 0.011293 seconds 
  Import took 0.014883 seconds .

========================================================================
Received Import Request.
  Time since last request: 6.024982 seconds.
  path: Assets/Prefabs/Food_Pizza_01.prefab
  artifactKey: Guid(b94817919faaf1340b0ba105887d80e1) Importer(815301076,1909f56bfc062723c751e8b465ee728b)
Start importing Assets/Prefabs/Food_Pizza_01.prefab using Guid(b94817919faaf1340b0ba105887d80e1) Importer(815301076,1909f56bfc062723c751e8b465ee728b)  -> (artifact id: 'b9d16c514ecdfcff6982d2c9b8ab3a6b') in 0.009405 seconds 
  Import took 0.012346 seconds .

========================================================================
Received Import Request.
  Time since last request: 19.536260 seconds.
  path: Assets/Prefabs/Food_Pizza_01.prefab
  artifactKey: Guid(b94817919faaf1340b0ba105887d80e1) Importer(815301076,1909f56bfc062723c751e8b465ee728b)
Start importing Assets/Prefabs/Food_Pizza_01.prefab using Guid(b94817919faaf1340b0ba105887d80e1) Importer(815301076,1909f56bfc062723c751e8b465ee728b)  -> (artifact id: '61fbd87cef1156c2192e93bacdb93420') in 0.011900 seconds 
  Import took 0.014950 seconds .

========================================================================
Received Import Request.
  Time since last request: 8.676238 seconds.
  path: Assets/Prefabs/Food_Pizza_01.prefab
  artifactKey: Guid(b94817919faaf1340b0ba105887d80e1) Importer(815301076,1909f56bfc062723c751e8b465ee728b)
Start importing Assets/Prefabs/Food_Pizza_01.prefab using Guid(b94817919faaf1340b0ba105887d80e1) Importer(815301076,1909f56bfc062723c751e8b465ee728b)  -> (artifact id: '94225cf2d62f8428c43c3fe8b577c79a') in 0.009830 seconds 
  Import took 0.012622 seconds .

========================================================================
Received Import Request.
  Time since last request: 4.821330 seconds.
  path: Assets/Prefabs/Food_Pizza_01.prefab
  artifactKey: Guid(b94817919faaf1340b0ba105887d80e1) Importer(815301076,1909f56bfc062723c751e8b465ee728b)
Start importing Assets/Prefabs/Food_Pizza_01.prefab using Guid(b94817919faaf1340b0ba105887d80e1) Importer(815301076,1909f56bfc062723c751e8b465ee728b)  -> (artifact id: 'a2422fb9d16d539e0ff762a259df26c0') in 0.009460 seconds 
  Import took 0.012778 seconds .

========================================================================
Received Import Request.
  Time since last request: 63.951504 seconds.
  path: Assets/Prefabs/Animal_Cow_White (1).prefab
  artifactKey: Guid(a43f307058f198345b18327627810f15) Importer(815301076,1909f56bfc062723c751e8b465ee728b)
Start importing Assets/Prefabs/Animal_Cow_White (1).prefab using Guid(a43f307058f198345b18327627810f15) Importer(815301076,1909f56bfc062723c751e8b465ee728b)  -> (artifact id: '72761a3216519a9c8a458b766319e73d') in 0.052824 seconds 
  Import took 0.068015 seconds .

========================================================================
Received Import Request.
  Time since last request: 11.865766 seconds.
  path: Assets/Prefabs/Animal_Cow_White (1).prefab
  artifactKey: Guid(a43f307058f198345b18327627810f15) Importer(815301076,1909f56bfc062723c751e8b465ee728b)
Start importing Assets/Prefabs/Animal_Cow_White (1).prefab using Guid(a43f307058f198345b18327627810f15) Importer(815301076,1909f56bfc062723c751e8b465ee728b)  -> (artifact id: '719e41a5bebc2efce749d07edbd0066a') in 0.016747 seconds 
  Import took 0.019914 seconds .

========================================================================
Received Import Request.
  Time since last request: 7.240660 seconds.
  path: Assets/Prefabs/Animal_Cow_White (1).prefab
  artifactKey: Guid(a43f307058f198345b18327627810f15) Importer(815301076,1909f56bfc062723c751e8b465ee728b)
Start importing Assets/Prefabs/Animal_Cow_White (1).prefab using Guid(a43f307058f198345b18327627810f15) Importer(815301076,1909f56bfc062723c751e8b465ee728b)  -> (artifact id: '4fad6614338cc82d089c470b7aa7b7ad') in 0.014832 seconds 
  Import took 0.017910 seconds .

========================================================================
Received Import Request.
  Time since last request: 4.016184 seconds.
  path: Assets/Prefabs/Animal_Cow_White (1).prefab
  artifactKey: Guid(a43f307058f198345b18327627810f15) Importer(815301076,1909f56bfc062723c751e8b465ee728b)
Start importing Assets/Prefabs/Animal_Cow_White (1).prefab using Guid(a43f307058f198345b18327627810f15) Importer(815301076,1909f56bfc062723c751e8b465ee728b)  -> (artifact id: 'bc27e5d831ca2f3df00123a005faefff') in 0.017309 seconds 
  Import took 0.020709 seconds .

========================================================================
Received Import Request.
  Time since last request: 4.218995 seconds.
  path: Assets/Prefabs/Animal_Cow_White (1).prefab
  artifactKey: Guid(a43f307058f198345b18327627810f15) Importer(815301076,1909f56bfc062723c751e8b465ee728b)
Start importing Assets/Prefabs/Animal_Cow_White (1).prefab using Guid(a43f307058f198345b18327627810f15) Importer(815301076,1909f56bfc062723c751e8b465ee728b)  -> (artifact id: 'eadbaee4c8f2eb7429f1ea98516500dd') in 0.014600 seconds 
  Import took 0.017962 seconds .

========================================================================
Received Import Request.
  Time since last request: 4.020375 seconds.
  path: Assets/Prefabs/Animal_Cow_White (1).prefab
  artifactKey: Guid(a43f307058f198345b18327627810f15) Importer(815301076,1909f56bfc062723c751e8b465ee728b)
Start importing Assets/Prefabs/Animal_Cow_White (1).prefab using Guid(a43f307058f198345b18327627810f15) Importer(815301076,1909f56bfc062723c751e8b465ee728b)  -> (artifact id: '6eb470ea19a43fa60512bb62d58294af') in 0.015816 seconds 
  Import took 0.019162 seconds .

========================================================================
Received Import Request.
  Time since last request: 16.493259 seconds.
  path: Assets/Prefabs/Animal_Cow_White (1).prefab
  artifactKey: Guid(a43f307058f198345b18327627810f15) Importer(815301076,1909f56bfc062723c751e8b465ee728b)
Start importing Assets/Prefabs/Animal_Cow_White (1).prefab using Guid(a43f307058f198345b18327627810f15) Importer(815301076,1909f56bfc062723c751e8b465ee728b)  -> (artifact id: '287ab458e0b0bbdfaccdd194dd9f8ea3') in 0.015885 seconds 
  Import took 0.019115 seconds .

========================================================================
Received Import Request.
  Time since last request: 3.215606 seconds.
  path: Assets/Prefabs/Animal_Cow_White (1).prefab
  artifactKey: Guid(a43f307058f198345b18327627810f15) Importer(815301076,1909f56bfc062723c751e8b465ee728b)
Start importing Assets/Prefabs/Animal_Cow_White (1).prefab using Guid(a43f307058f198345b18327627810f15) Importer(815301076,1909f56bfc062723c751e8b465ee728b)  -> (artifact id: '6df5a4cd9f545238bb63ca880dbdac20') in 0.015657 seconds 
  Import took 0.018963 seconds .

========================================================================
Received Import Request.
  Time since last request: 329.903778 seconds.
  path: Assets/Scripts/DetectCollision.cs
  artifactKey: Guid(a641ca7ac99fa7e40a209bd258525522) Importer(815301076,1909f56bfc062723c751e8b465ee728b)
Start importing Assets/Scripts/DetectCollision.cs using Guid(a641ca7ac99fa7e40a209bd258525522) Importer(815301076,1909f56bfc062723c751e8b465ee728b)  -> (artifact id: '83f6cb737f84f268fbbc8e9c29c1949b') in 0.015321 seconds 
  Import took 0.018252 seconds .

========================================================================
Received Prepare
Registering precompiled user dll's ...
Registered in 0.004489 seconds.
Begin MonoManager ReloadAssembly
Native extension for WindowsStandalone target not found
Refreshing native plugins compatible for Editor in 0.38 ms, found 2 plugins.
Preloading 0 native plugins for Editor in 0.00 ms.
Mono: successfully reloaded assembly
- Completed reload, in  1.067 seconds
Domain Reload Profiling:
	ReloadAssembly (1067ms)
		BeginReloadAssembly (128ms)
			ExecutionOrderSort (0ms)
			DisableScriptedObjects (5ms)
			BackupInstance (0ms)
			ReleaseScriptingObjects (0ms)
			CreateAndSetChildDomain (35ms)
		EndReloadAssembly (871ms)
			LoadAssemblies (91ms)
			RebuildTransferFunctionScriptingTraits (0ms)
			SetupTypeCache (312ms)
			ReleaseScriptCaches (1ms)
			RebuildScriptCaches (43ms)
			SetupLoadedEditorAssemblies (309ms)
				LogAssemblyErrors (0ms)
				InitializePlatformSupportModulesInManaged (5ms)
				SetLoadedEditorAssemblies (0ms)
				RefreshPlugins (0ms)
				BeforeProcessingInitializeOnLoad (82ms)
				ProcessInitializeOnLoadAttributes (211ms)
				ProcessInitializeOnLoadMethodAttributes (5ms)
				AfterProcessingInitializeOnLoad (5ms)
				EditorAssembliesLoaded (0ms)
			ExecutionOrderSort2 (0ms)
			AwakeInstancesAfterBackupRestoration (7ms)
Platform modules already initialized, skipping
Refreshing native plugins compatible for Editor in 0.39 ms, found 2 plugins.
Preloading 0 native plugins for Editor in 0.00 ms.
Unloading 1443 Unused Serialized files (Serialized files now loaded: 0)
System memory in use before: 83.1 MB.
System memory in use after: 83.2 MB.

Unloading 18 unused Assets to reduce memory usage. Loaded Objects now: 1894.
Total: 3.367700 ms (FindLiveObjects: 0.139600 ms CreateObjectMapping: 0.044500 ms MarkObjects: 3.139600 ms  DeleteObjects: 0.042900 ms)

AssetImportParameters requested are different than current active one (requested -> active):
  custom:framework-win-MediaFoundation: 216162199b28c13a410421893ffa2e32 -> 
  custom:video-decoder-ogg-theora: a1e56fd34408186e4bbccfd4996cb3dc -> 
  custom:container-muxer-webm: aa71ff27fc2769a1b78a27578f13a17b -> 
  custom:container-demuxer-webm: 4f35f7cbe854078d1ac9338744f61a02 -> 
  custom:container-demuxer-ogg: 62fdf1f143b41e24485cea50d1cbac27 -> 
  custom:video-encoder-webm-vp8: eb34c28f22e8b96e1ab97ce403110664 -> 
  custom:video-decoder-webm-vp8: 9c59270c3fd7afecdb556c50c9e8de78 -> 
  custom:audio-decoder-ogg-vorbis: bf7c407c2cedff20999df2af8eb42d56 -> 
  custom:audio-encoder-webm-vorbis: bf7c407c2cedff20999df2af8eb42d56 -> 
========================================================================
Received Import Request.
  Time since last request: 239.824308 seconds.
  path: Assets/Prefabs/Animal_Cow_White (1).prefab
  artifactKey: Guid(a43f307058f198345b18327627810f15) Importer(815301076,1909f56bfc062723c751e8b465ee728b)
Start importing Assets/Prefabs/Animal_Cow_White (1).prefab using Guid(a43f307058f198345b18327627810f15) Importer(815301076,1909f56bfc062723c751e8b465ee728b)  -> (artifact id: 'c6620c98cc79ae69e638e1986d859f06') in 0.073444 seconds 
  Import took 0.077923 seconds .

========================================================================
Received Import Request.
  Time since last request: 2.564993 seconds.
  path: Assets/Prefabs/Food_Pizza_01.prefab
  artifactKey: Guid(b94817919faaf1340b0ba105887d80e1) Importer(815301076,1909f56bfc062723c751e8b465ee728b)
Start importing Assets/Prefabs/Food_Pizza_01.prefab using Guid(b94817919faaf1340b0ba105887d80e1) Importer(815301076,1909f56bfc062723c751e8b465ee728b)  -> (artifact id: '23b303027406849d0de95fe65a74729a') in 0.010451 seconds 
  Import took 0.014103 seconds .

========================================================================
Received Import Request.
  Time since last request: 530.745411 seconds.
  path: Assets/Scripts/DetectCollision.cs
  artifactKey: Guid(a641ca7ac99fa7e40a209bd258525522) Importer(815301076,1909f56bfc062723c751e8b465ee728b)
Start importing Assets/Scripts/DetectCollision.cs using Guid(a641ca7ac99fa7e40a209bd258525522) Importer(815301076,1909f56bfc062723c751e8b465ee728b)  -> (artifact id: '37ee7436544b00eee9d879d4d181d8b4') in 0.001780 seconds 
  Import took 0.004454 seconds .

========================================================================
Received Import Request.
  Time since last request: 16.069171 seconds.
  path: Assets/Prefabs/Food_Pizza_01.prefab
  artifactKey: Guid(b94817919faaf1340b0ba105887d80e1) Importer(815301076,1909f56bfc062723c751e8b465ee728b)
Start importing Assets/Prefabs/Food_Pizza_01.prefab using Guid(b94817919faaf1340b0ba105887d80e1) Importer(815301076,1909f56bfc062723c751e8b465ee728b)  -> (artifact id: 'b2e10ca5f55c9cc6f88a205adbf6ae1c') in 0.010476 seconds 
  Import took 0.013230 seconds .

========================================================================
Received Import Request.
  Time since last request: 35.895519 seconds.
  path: Assets/Prefabs/Food_Pizza_01.prefab
  artifactKey: Guid(b94817919faaf1340b0ba105887d80e1) Importer(815301076,1909f56bfc062723c751e8b465ee728b)
Start importing Assets/Prefabs/Food_Pizza_01.prefab using Guid(b94817919faaf1340b0ba105887d80e1) Importer(815301076,1909f56bfc062723c751e8b465ee728b)  -> (artifact id: '0ee6ef55dfaa130ebf0406cc4cf2b326') in 0.009976 seconds 
  Import took 0.013302 seconds .

========================================================================
Received Import Request.
  Time since last request: 2.285285 seconds.
  path: Assets/Prefabs/Food_Pizza_01.prefab
  artifactKey: Guid(b94817919faaf1340b0ba105887d80e1) Importer(815301076,1909f56bfc062723c751e8b465ee728b)
Start importing Assets/Prefabs/Food_Pizza_01.prefab using Guid(b94817919faaf1340b0ba105887d80e1) Importer(815301076,1909f56bfc062723c751e8b465ee728b)  -> (artifact id: '85cbcaf0f340200cb745c0bcee47b8f2') in 0.009598 seconds 
  Import took 0.013217 seconds .

========================================================================
Received Prepare
Registering precompiled user dll's ...
Registered in 0.004337 seconds.
Begin MonoManager ReloadAssembly
Native extension for WindowsStandalone target not found
Refreshing native plugins compatible for Editor in 0.38 ms, found 2 plugins.
Preloading 0 native plugins for Editor in 0.00 ms.
Mono: successfully reloaded assembly
- Completed reload, in  1.068 seconds
Domain Reload Profiling:
	ReloadAssembly (1068ms)
		BeginReloadAssembly (113ms)
			ExecutionOrderSort (0ms)
			DisableScriptedObjects (5ms)
			BackupInstance (0ms)
			ReleaseScriptingObjects (0ms)
			CreateAndSetChildDomain (36ms)
		EndReloadAssembly (885ms)
			LoadAssemblies (94ms)
			RebuildTransferFunctionScriptingTraits (0ms)
			SetupTypeCache (344ms)
			ReleaseScriptCaches (1ms)
			RebuildScriptCaches (39ms)
			SetupLoadedEditorAssemblies (301ms)
				LogAssemblyErrors (0ms)
				InitializePlatformSupportModulesInManaged (5ms)
				SetLoadedEditorAssemblies (0ms)
				RefreshPlugins (0ms)
				BeforeProcessingInitializeOnLoad (80ms)
				ProcessInitializeOnLoadAttributes (206ms)
				ProcessInitializeOnLoadMethodAttributes (4ms)
				AfterProcessingInitializeOnLoad (5ms)
				EditorAssembliesLoaded (0ms)
			ExecutionOrderSort2 (0ms)
			AwakeInstancesAfterBackupRestoration (7ms)
Platform modules already initialized, skipping
Refreshing native plugins compatible for Editor in 0.39 ms, found 2 plugins.
Preloading 0 native plugins for Editor in 0.00 ms.
Unloading 1443 Unused Serialized files (Serialized files now loaded: 0)
System memory in use before: 83.2 MB.
System memory in use after: 83.3 MB.

Unloading 18 unused Assets to reduce memory usage. Loaded Objects now: 1897.
Total: 2.913700 ms (FindLiveObjects: 0.134200 ms CreateObjectMapping: 0.045100 ms MarkObjects: 2.695400 ms  DeleteObjects: 0.037900 ms)

AssetImportParameters requested are different than current active one (requested -> active):
  custom:framework-win-MediaFoundation: 216162199b28c13a410421893ffa2e32 -> 
  custom:video-decoder-ogg-theora: a1e56fd34408186e4bbccfd4996cb3dc -> 
  custom:container-muxer-webm: aa71ff27fc2769a1b78a27578f13a17b -> 
  custom:container-demuxer-webm: 4f35f7cbe854078d1ac9338744f61a02 -> 
  custom:container-demuxer-ogg: 62fdf1f143b41e24485cea50d1cbac27 -> 
  custom:video-encoder-webm-vp8: eb34c28f22e8b96e1ab97ce403110664 -> 
  custom:video-decoder-webm-vp8: 9c59270c3fd7afecdb556c50c9e8de78 -> 
  custom:audio-decoder-ogg-vorbis: bf7c407c2cedff20999df2af8eb42d56 -> 
  custom:audio-encoder-webm-vorbis: bf7c407c2cedff20999df2af8eb42d56 -> 
========================================================================
Received Prepare
Registering precompiled user dll's ...
Registered in 0.004326 seconds.
Begin MonoManager ReloadAssembly
Native extension for WindowsStandalone target not found
Refreshing native plugins compatible for Editor in 0.38 ms, found 2 plugins.
Preloading 0 native plugins for Editor in 0.00 ms.
Mono: successfully reloaded assembly
- Completed reload, in  1.048 seconds
Domain Reload Profiling:
	ReloadAssembly (1049ms)
		BeginReloadAssembly (121ms)
			ExecutionOrderSort (0ms)
			DisableScriptedObjects (5ms)
			BackupInstance (0ms)
			ReleaseScriptingObjects (0ms)
			CreateAndSetChildDomain (35ms)
		EndReloadAssembly (853ms)
			LoadAssemblies (89ms)
			RebuildTransferFunctionScriptingTraits (0ms)
			SetupTypeCache (303ms)
			ReleaseScriptCaches (1ms)
			RebuildScriptCaches (42ms)
			SetupLoadedEditorAssemblies (306ms)
				LogAssemblyErrors (0ms)
				InitializePlatformSupportModulesInManaged (6ms)
				SetLoadedEditorAssemblies (1ms)
				RefreshPlugins (0ms)
				BeforeProcessingInitializeOnLoad (75ms)
				ProcessInitializeOnLoadAttributes (214ms)
				ProcessInitializeOnLoadMethodAttributes (4ms)
				AfterProcessingInitializeOnLoad (5ms)
				EditorAssembliesLoaded (0ms)
			ExecutionOrderSort2 (0ms)
			AwakeInstancesAfterBackupRestoration (7ms)
Platform modules already initialized, skipping
Refreshing native plugins compatible for Editor in 0.40 ms, found 2 plugins.
Preloading 0 native plugins for Editor in 0.00 ms.
Unloading 1443 Unused Serialized files (Serialized files now loaded: 0)
System memory in use before: 83.2 MB.
System memory in use after: 83.4 MB.

Unloading 18 unused Assets to reduce memory usage. Loaded Objects now: 1899.
Total: 3.214200 ms (FindLiveObjects: 0.142800 ms CreateObjectMapping: 0.055400 ms MarkObjects: 2.971500 ms  DeleteObjects: 0.043400 ms)

AssetImportParameters requested are different than current active one (requested -> active):
  custom:framework-win-MediaFoundation: 216162199b28c13a410421893ffa2e32 -> 
  custom:video-decoder-ogg-theora: a1e56fd34408186e4bbccfd4996cb3dc -> 
  custom:container-muxer-webm: aa71ff27fc2769a1b78a27578f13a17b -> 
  custom:container-demuxer-webm: 4f35f7cbe854078d1ac9338744f61a02 -> 
  custom:container-demuxer-ogg: 62fdf1f143b41e24485cea50d1cbac27 -> 
  custom:video-encoder-webm-vp8: eb34c28f22e8b96e1ab97ce403110664 -> 
  custom:video-decoder-webm-vp8: 9c59270c3fd7afecdb556c50c9e8de78 -> 
  custom:audio-decoder-ogg-vorbis: bf7c407c2cedff20999df2af8eb42d56 -> 
  custom:audio-encoder-webm-vorbis: bf7c407c2cedff20999df2af8eb42d56 -> 
========================================================================
Received Import Request.
  Time since last request: 542.664990 seconds.
  path: Assets/Prefabs/Animal_Cow_White (1).prefab
  artifactKey: Guid(a43f307058f198345b18327627810f15) Importer(815301076,1909f56bfc062723c751e8b465ee728b)
Start importing Assets/Prefabs/Animal_Cow_White (1).prefab using Guid(a43f307058f198345b18327627810f15) Importer(815301076,1909f56bfc062723c751e8b465ee728b)  -> (artifact id: 'f45b0d663a7d39b151b71952c055ce2b') in 0.062748 seconds 
  Import took 0.065949 seconds .

========================================================================
Received Import Request.
  Time since last request: 0.284006 seconds.
  path: Assets/Prefabs/Animal_Cow_White (1).prefab
  artifactKey: Guid(a43f307058f198345b18327627810f15) Importer(815301076,1909f56bfc062723c751e8b465ee728b)
Start importing Assets/Prefabs/Animal_Cow_White (1).prefab using Guid(a43f307058f198345b18327627810f15) Importer(815301076,1909f56bfc062723c751e8b465ee728b)  -> (artifact id: '851977ce47ead14677a68fc40d2eb2c8') in 0.015491 seconds 
  Import took 0.018730 seconds .

========================================================================
Received Prepare
Registering precompiled user dll's ...
Registered in 0.007258 seconds.
Begin MonoManager ReloadAssembly
Native extension for WindowsStandalone target not found
Refreshing native plugins compatible for Editor in 0.41 ms, found 2 plugins.
Preloading 0 native plugins for Editor in 0.00 ms.
Mono: successfully reloaded assembly
- Completed reload, in  1.595 seconds
Domain Reload Profiling:
	ReloadAssembly (1596ms)
		BeginReloadAssembly (159ms)
			ExecutionOrderSort (0ms)
			DisableScriptedObjects (8ms)
			BackupInstance (0ms)
			ReleaseScriptingObjects (0ms)
			CreateAndSetChildDomain (50ms)
		EndReloadAssembly (1333ms)
			LoadAssemblies (138ms)
			RebuildTransferFunctionScriptingTraits (0ms)
			SetupTypeCache (471ms)
			ReleaseScriptCaches (1ms)
			RebuildScriptCaches (64ms)
			SetupLoadedEditorAssemblies (491ms)
				LogAssemblyErrors (0ms)
				InitializePlatformSupportModulesInManaged (8ms)
				SetLoadedEditorAssemblies (1ms)
				RefreshPlugins (0ms)
				BeforeProcessingInitializeOnLoad (119ms)
				ProcessInitializeOnLoadAttributes (346ms)
				ProcessInitializeOnLoadMethodAttributes (8ms)
				AfterProcessingInitializeOnLoad (7ms)
				EditorAssembliesLoaded (1ms)
			ExecutionOrderSort2 (0ms)
			AwakeInstancesAfterBackupRestoration (12ms)
Platform modules already initialized, skipping
Refreshing native plugins compatible for Editor in 0.41 ms, found 2 plugins.
Preloading 0 native plugins for Editor in 0.00 ms.
Unloading 1443 Unused Serialized files (Serialized files now loaded: 0)
System memory in use before: 83.3 MB.
System memory in use after: 83.4 MB.

Unloading 18 unused Assets to reduce memory usage. Loaded Objects now: 1902.
Total: 4.124900 ms (FindLiveObjects: 0.160000 ms CreateObjectMapping: 0.116400 ms MarkObjects: 3.770600 ms  DeleteObjects: 0.076600 ms)

AssetImportParameters requested are different than current active one (requested -> active):
  custom:framework-win-MediaFoundation: 216162199b28c13a410421893ffa2e32 -> 
  custom:video-decoder-ogg-theora: a1e56fd34408186e4bbccfd4996cb3dc -> 
  custom:container-muxer-webm: aa71ff27fc2769a1b78a27578f13a17b -> 
  custom:container-demuxer-webm: 4f35f7cbe854078d1ac9338744f61a02 -> 
  custom:container-demuxer-ogg: 62fdf1f143b41e24485cea50d1cbac27 -> 
  custom:video-encoder-webm-vp8: eb34c28f22e8b96e1ab97ce403110664 -> 
  custom:video-decoder-webm-vp8: 9c59270c3fd7afecdb556c50c9e8de78 -> 
  custom:audio-decoder-ogg-vorbis: bf7c407c2cedff20999df2af8eb42d56 -> 
  custom:audio-encoder-webm-vorbis: bf7c407c2cedff20999df2af8eb42d56 -> 
========================================================================
Received Import Request.
  Time since last request: 22.809082 seconds.
  path: Assets/Prefabs/Animal_Cow_White (1).prefab
  artifactKey: Guid(a43f307058f198345b18327627810f15) Importer(815301076,1909f56bfc062723c751e8b465ee728b)
Start importing Assets/Prefabs/Animal_Cow_White (1).prefab using Guid(a43f307058f198345b18327627810f15) Importer(815301076,1909f56bfc062723c751e8b465ee728b)  -> (artifact id: '0d5d13412ec489797c184d281aff7d48') in 0.096775 seconds 
  Import took 0.101128 seconds .

========================================================================
Received Import Request.
  Time since last request: 317.469447 seconds.
  path: Assets/Scripts/SpawnManager.cs
  artifactKey: Guid(9c55c0fcb88fdf8439712a1579259129) Importer(815301076,1909f56bfc062723c751e8b465ee728b)
Start importing Assets/Scripts/SpawnManager.cs using Guid(9c55c0fcb88fdf8439712a1579259129) Importer(815301076,1909f56bfc062723c751e8b465ee728b)  -> (artifact id: 'ff3c05e738d4a6bf8b187ef16250d842') in 0.001873 seconds 
  Import took 0.005267 seconds .

========================================================================
Received Import Request.
  Time since last request: 56.960690 seconds.
  path: Assets/Scripts/SpawnManager.cs
  artifactKey: Guid(9c55c0fcb88fdf8439712a1579259129) Importer(815301076,1909f56bfc062723c751e8b465ee728b)
Start importing Assets/Scripts/SpawnManager.cs using Guid(9c55c0fcb88fdf8439712a1579259129) Importer(815301076,1909f56bfc062723c751e8b465ee728b)  -> (artifact id: 'd7a3565f8248d3155151007916d9758d') in 0.002895 seconds 
  Import took 0.005970 seconds .

========================================================================
Received Import Request.
  Time since last request: 75.374869 seconds.
  path: Assets/Scripts/SpawnManager.cs
  artifactKey: Guid(9c55c0fcb88fdf8439712a1579259129) Importer(815301076,1909f56bfc062723c751e8b465ee728b)
Start importing Assets/Scripts/SpawnManager.cs using Guid(9c55c0fcb88fdf8439712a1579259129) Importer(815301076,1909f56bfc062723c751e8b465ee728b)  -> (artifact id: '612f1e68760c6cfbc53a3f0a7118a6b2') in 0.003108 seconds 
  Import took 0.006765 seconds .

========================================================================
Received Prepare
Registering precompiled user dll's ...
Registered in 0.004491 seconds.
Begin MonoManager ReloadAssembly
Native extension for WindowsStandalone target not found
Refreshing native plugins compatible for Editor in 0.40 ms, found 2 plugins.
Preloading 0 native plugins for Editor in 0.00 ms.
Mono: successfully reloaded assembly
- Completed reload, in  1.115 seconds
Domain Reload Profiling:
	ReloadAssembly (1116ms)
		BeginReloadAssembly (130ms)
			ExecutionOrderSort (0ms)
			DisableScriptedObjects (5ms)
			BackupInstance (0ms)
			ReleaseScriptingObjects (0ms)
			CreateAndSetChildDomain (34ms)
		EndReloadAssembly (916ms)
			LoadAssemblies (104ms)
			RebuildTransferFunctionScriptingTraits (0ms)
			SetupTypeCache (340ms)
			ReleaseScriptCaches (1ms)
			RebuildScriptCaches (52ms)
			SetupLoadedEditorAssemblies (318ms)
				LogAssemblyErrors (0ms)
				InitializePlatformSupportModulesInManaged (6ms)
				SetLoadedEditorAssemblies (1ms)
				RefreshPlugins (0ms)
				BeforeProcessingInitializeOnLoad (82ms)
				ProcessInitializeOnLoadAttributes (220ms)
				ProcessInitializeOnLoadMethodAttributes (5ms)
				AfterProcessingInitializeOnLoad (5ms)
				EditorAssembliesLoaded (0ms)
			ExecutionOrderSort2 (0ms)
			AwakeInstancesAfterBackupRestoration (8ms)
Platform modules already initialized, skipping
Refreshing native plugins compatible for Editor in 0.39 ms, found 2 plugins.
Preloading 0 native plugins for Editor in 0.00 ms.
Unloading 1443 Unused Serialized files (Serialized files now loaded: 0)
System memory in use before: 83.3 MB.
System memory in use after: 83.4 MB.

Unloading 18 unused Assets to reduce memory usage. Loaded Objects now: 1905.
Total: 3.451400 ms (FindLiveObjects: 0.153800 ms CreateObjectMapping: 0.051300 ms MarkObjects: 3.224700 ms  DeleteObjects: 0.020500 ms)

AssetImportParameters requested are different than current active one (requested -> active):
  custom:framework-win-MediaFoundation: 216162199b28c13a410421893ffa2e32 -> 
  custom:video-decoder-ogg-theora: a1e56fd34408186e4bbccfd4996cb3dc -> 
  custom:container-muxer-webm: aa71ff27fc2769a1b78a27578f13a17b -> 
  custom:container-demuxer-webm: 4f35f7cbe854078d1ac9338744f61a02 -> 
  custom:container-demuxer-ogg: 62fdf1f143b41e24485cea50d1cbac27 -> 
  custom:video-encoder-webm-vp8: eb34c28f22e8b96e1ab97ce403110664 -> 
  custom:video-decoder-webm-vp8: 9c59270c3fd7afecdb556c50c9e8de78 -> 
  custom:audio-decoder-ogg-vorbis: bf7c407c2cedff20999df2af8eb42d56 -> 
  custom:audio-encoder-webm-vorbis: bf7c407c2cedff20999df2af8eb42d56 -> 
========================================================================
Received Import Request.
  Time since last request: 520.265849 seconds.
  path: Assets/Prefabs/Dog_Labrador_01 (1).prefab
  artifactKey: Guid(fdd28921d49a1c24ba1d072096221a56) Importer(815301076,1909f56bfc062723c751e8b465ee728b)
Start importing Assets/Prefabs/Dog_Labrador_01 (1).prefab using Guid(fdd28921d49a1c24ba1d072096221a56) Importer(815301076,1909f56bfc062723c751e8b465ee728b)  -> (artifact id: 'f500155843f093cc3db5a0f7754fefc2') in 0.131587 seconds 
  Import took 0.136671 seconds .

========================================================================
Received Import Request.
  Time since last request: 29.246349 seconds.
  path: Assets/Prefabs/Animal_Horse_Black (1).prefab
  artifactKey: Guid(72302d8a9049e6e46a104b9cb6a55cd6) Importer(815301076,1909f56bfc062723c751e8b465ee728b)
Start importing Assets/Prefabs/Animal_Horse_Black (1).prefab using Guid(72302d8a9049e6e46a104b9cb6a55cd6) Importer(815301076,1909f56bfc062723c751e8b465ee728b)  -> (artifact id: '1f9bf95aed02a50f99435ff1d4c86457') in 0.028456 seconds 
  Import took 0.032295 seconds .

========================================================================
Received Import Request.
  Time since last request: 53.211326 seconds.
  path: Assets/Prefabs/Animal_Horse_Black (1).prefab
  artifactKey: Guid(72302d8a9049e6e46a104b9cb6a55cd6) Importer(815301076,1909f56bfc062723c751e8b465ee728b)
Start importing Assets/Prefabs/Animal_Horse_Black (1).prefab using Guid(72302d8a9049e6e46a104b9cb6a55cd6) Importer(815301076,1909f56bfc062723c751e8b465ee728b)  -> (artifact id: '947d93b143c128cb3e6ace6fa9f91a3e') in 0.018295 seconds 
  Import took 0.022111 seconds .

========================================================================
Received Import Request.
  Time since last request: 1.655384 seconds.
  path: Assets/Prefabs/Animal_Horse_Black (1).prefab
  artifactKey: Guid(72302d8a9049e6e46a104b9cb6a55cd6) Importer(815301076,1909f56bfc062723c751e8b465ee728b)
Start importing Assets/Prefabs/Animal_Horse_Black (1).prefab using Guid(72302d8a9049e6e46a104b9cb6a55cd6) Importer(815301076,1909f56bfc062723c751e8b465ee728b)  -> (artifact id: 'f899cbdb4ad2425a55a5ca2160691d8a') in 0.017109 seconds 
  Import took 0.021297 seconds .

========================================================================
Received Import Request.
  Time since last request: 3.998604 seconds.
  path: Assets/Prefabs/Dog_Labrador_01 (1).prefab
  artifactKey: Guid(fdd28921d49a1c24ba1d072096221a56) Importer(815301076,1909f56bfc062723c751e8b465ee728b)
Start importing Assets/Prefabs/Dog_Labrador_01 (1).prefab using Guid(fdd28921d49a1c24ba1d072096221a56) Importer(815301076,1909f56bfc062723c751e8b465ee728b)  -> (artifact id: '6820a59954c94eda10790f79e762ae22') in 0.048253 seconds 
  Import took 0.052368 seconds .

========================================================================
Received Import Request.
  Time since last request: 1.029016 seconds.
  path: Assets/Prefabs/Dog_Labrador_01 (1).prefab
  artifactKey: Guid(fdd28921d49a1c24ba1d072096221a56) Importer(815301076,1909f56bfc062723c751e8b465ee728b)
Start importing Assets/Prefabs/Dog_Labrador_01 (1).prefab using Guid(fdd28921d49a1c24ba1d072096221a56) Importer(815301076,1909f56bfc062723c751e8b465ee728b)  -> (artifact id: '8618b99c079758d0c69a16b8e748e215') in 0.055733 seconds 
  Import took 0.060335 seconds .

========================================================================
Received Import Request.
  Time since last request: 6.296246 seconds.
  path: Assets/Prefabs/Animal_Horse_Black (1).prefab
  artifactKey: Guid(72302d8a9049e6e46a104b9cb6a55cd6) Importer(815301076,1909f56bfc062723c751e8b465ee728b)
Start importing Assets/Prefabs/Animal_Horse_Black (1).prefab using Guid(72302d8a9049e6e46a104b9cb6a55cd6) Importer(815301076,1909f56bfc062723c751e8b465ee728b)  -> (artifact id: 'a137431319be86b52dc1a04388f1d0f5') in 0.018065 seconds 
  Import took 0.021888 seconds .

========================================================================
Received Import Request.
  Time since last request: 4.663589 seconds.
  path: Assets/Prefabs/Animal_Horse_Black (1).prefab
  artifactKey: Guid(72302d8a9049e6e46a104b9cb6a55cd6) Importer(815301076,1909f56bfc062723c751e8b465ee728b)
Start importing Assets/Prefabs/Animal_Horse_Black (1).prefab using Guid(72302d8a9049e6e46a104b9cb6a55cd6) Importer(815301076,1909f56bfc062723c751e8b465ee728b)  -> (artifact id: '2e6530d47f7f2b0805e0c2637248a9ef') in 0.018774 seconds 
  Import took 0.023179 seconds .

========================================================================
Received Import Request.
  Time since last request: 4.161569 seconds.
  path: Assets/Prefabs/Dog_Labrador_01 (1).prefab
  artifactKey: Guid(fdd28921d49a1c24ba1d072096221a56) Importer(815301076,1909f56bfc062723c751e8b465ee728b)
Start importing Assets/Prefabs/Dog_Labrador_01 (1).prefab using Guid(fdd28921d49a1c24ba1d072096221a56) Importer(815301076,1909f56bfc062723c751e8b465ee728b)  -> (artifact id: 'e3d8f75dc5db5ba778e29ab133c5564a') in 0.047839 seconds 
  Import took 0.054702 seconds .

========================================================================
Received Import Request.
  Time since last request: 4.308400 seconds.
  path: Assets/Prefabs/Dog_Labrador_01 (1).prefab
  artifactKey: Guid(fdd28921d49a1c24ba1d072096221a56) Importer(815301076,1909f56bfc062723c751e8b465ee728b)
Start importing Assets/Prefabs/Dog_Labrador_01 (1).prefab using Guid(fdd28921d49a1c24ba1d072096221a56) Importer(815301076,1909f56bfc062723c751e8b465ee728b)  -> (artifact id: '00f88d2ed3e821637cdd7ebb8177b023') in 0.047587 seconds 
  Import took 0.062494 seconds .

========================================================================
Received Prepare
Registering precompiled user dll's ...
Registered in 0.004381 seconds.
Begin MonoManager ReloadAssembly
Native extension for WindowsStandalone target not found
Refreshing native plugins compatible for Editor in 0.43 ms, found 2 plugins.
Preloading 0 native plugins for Editor in 0.00 ms.
Mono: successfully reloaded assembly
- Completed reload, in  1.011 seconds
Domain Reload Profiling:
	ReloadAssembly (1011ms)
		BeginReloadAssembly (106ms)
			ExecutionOrderSort (0ms)
			DisableScriptedObjects (4ms)
			BackupInstance (0ms)
			ReleaseScriptingObjects (0ms)
			CreateAndSetChildDomain (33ms)
		EndReloadAssembly (842ms)
			LoadAssemblies (86ms)
			RebuildTransferFunctionScriptingTraits (0ms)
			SetupTypeCache (278ms)
			ReleaseScriptCaches (1ms)
			RebuildScriptCaches (38ms)
			SetupLoadedEditorAssemblies (315ms)
				LogAssemblyErrors (0ms)
				InitializePlatformSupportModulesInManaged (6ms)
				SetLoadedEditorAssemblies (1ms)
				RefreshPlugins (1ms)
				BeforeProcessingInitializeOnLoad (80ms)
				ProcessInitializeOnLoadAttributes (218ms)
				ProcessInitializeOnLoadMethodAttributes (4ms)
				AfterProcessingInitializeOnLoad (6ms)
				EditorAssembliesLoaded (0ms)
			ExecutionOrderSort2 (0ms)
			AwakeInstancesAfterBackupRestoration (7ms)
Platform modules already initialized, skipping
Refreshing native plugins compatible for Editor in 0.39 ms, found 2 plugins.
Preloading 0 native plugins for Editor in 0.00 ms.
Unloading 1443 Unused Serialized files (Serialized files now loaded: 0)
System memory in use before: 83.4 MB.
System memory in use after: 83.5 MB.

Unloading 18 unused Assets to reduce memory usage. Loaded Objects now: 1908.
Total: 3.640800 ms (FindLiveObjects: 0.138800 ms CreateObjectMapping: 0.044800 ms MarkObjects: 3.418100 ms  DeleteObjects: 0.038100 ms)

AssetImportParameters requested are different than current active one (requested -> active):
  custom:framework-win-MediaFoundation: 216162199b28c13a410421893ffa2e32 -> 
  custom:video-decoder-ogg-theora: a1e56fd34408186e4bbccfd4996cb3dc -> 
  custom:container-muxer-webm: aa71ff27fc2769a1b78a27578f13a17b -> 
  custom:container-demuxer-webm: 4f35f7cbe854078d1ac9338744f61a02 -> 
  custom:container-demuxer-ogg: 62fdf1f143b41e24485cea50d1cbac27 -> 
  custom:video-encoder-webm-vp8: eb34c28f22e8b96e1ab97ce403110664 -> 
  custom:video-decoder-webm-vp8: 9c59270c3fd7afecdb556c50c9e8de78 -> 
  custom:audio-decoder-ogg-vorbis: bf7c407c2cedff20999df2af8eb42d56 -> 
  custom:audio-encoder-webm-vorbis: bf7c407c2cedff20999df2af8eb42d56 -> 
========================================================================
Received Import Request.
  Time since last request: 110.183019 seconds.
  path: Assets/Prefabs/Animal_Horse_Black (1).prefab
  artifactKey: Guid(72302d8a9049e6e46a104b9cb6a55cd6) Importer(815301076,1909f56bfc062723c751e8b465ee728b)
Start importing Assets/Prefabs/Animal_Horse_Black (1).prefab using Guid(72302d8a9049e6e46a104b9cb6a55cd6) Importer(815301076,1909f56bfc062723c751e8b465ee728b)  -> (artifact id: '7eb91ff64585c57d314da86653f62455') in 0.068789 seconds 
  Import took 0.072356 seconds .

========================================================================
Received Import Request.
  Time since last request: 1.923514 seconds.
  path: Assets/Prefabs/Animal_Horse_Black (1).prefab
  artifactKey: Guid(72302d8a9049e6e46a104b9cb6a55cd6) Importer(815301076,1909f56bfc062723c751e8b465ee728b)
Start importing Assets/Prefabs/Animal_Horse_Black (1).prefab using Guid(72302d8a9049e6e46a104b9cb6a55cd6) Importer(815301076,1909f56bfc062723c751e8b465ee728b)  -> (artifact id: 'd19b9c32b248348af4555e2f3f95fd3a') in 0.074291 seconds 
  Import took 0.077731 seconds .

========================================================================
Received Import Request.
  Time since last request: 4.361720 seconds.
  path: Assets/Prefabs/Animal_Horse_Black (1).prefab
  artifactKey: Guid(72302d8a9049e6e46a104b9cb6a55cd6) Importer(815301076,1909f56bfc062723c751e8b465ee728b)
Start importing Assets/Prefabs/Animal_Horse_Black (1).prefab using Guid(72302d8a9049e6e46a104b9cb6a55cd6) Importer(815301076,1909f56bfc062723c751e8b465ee728b)  -> (artifact id: 'd72add0788b4687326a73da2c9276efd') in 0.017389 seconds 
  Import took 0.020741 seconds .

========================================================================
Received Import Request.
  Time since last request: 1.599542 seconds.
  path: Assets/Prefabs/Animal_Horse_Black (1).prefab
  artifactKey: Guid(72302d8a9049e6e46a104b9cb6a55cd6) Importer(815301076,1909f56bfc062723c751e8b465ee728b)
Start importing Assets/Prefabs/Animal_Horse_Black (1).prefab using Guid(72302d8a9049e6e46a104b9cb6a55cd6) Importer(815301076,1909f56bfc062723c751e8b465ee728b)  -> (artifact id: '75183e93eda06a2dabb5bfe1a359c947') in 0.016199 seconds 
  Import took 0.019691 seconds .

========================================================================
Received Import Request.
  Time since last request: 7.249697 seconds.
  path: Assets/Prefabs/Animal_Horse_Black (1).prefab
  artifactKey: Guid(72302d8a9049e6e46a104b9cb6a55cd6) Importer(815301076,1909f56bfc062723c751e8b465ee728b)
Start importing Assets/Prefabs/Animal_Horse_Black (1).prefab using Guid(72302d8a9049e6e46a104b9cb6a55cd6) Importer(815301076,1909f56bfc062723c751e8b465ee728b)  -> (artifact id: '6a34ee2774b1bf6c65e8bf2c315d5bd2') in 0.017437 seconds 
  Import took 0.021522 seconds .

========================================================================
Received Import Request.
  Time since last request: 3.199017 seconds.
  path: Assets/Prefabs/Animal_Horse_Black (1).prefab
  artifactKey: Guid(72302d8a9049e6e46a104b9cb6a55cd6) Importer(815301076,1909f56bfc062723c751e8b465ee728b)
Start importing Assets/Prefabs/Animal_Horse_Black (1).prefab using Guid(72302d8a9049e6e46a104b9cb6a55cd6) Importer(815301076,1909f56bfc062723c751e8b465ee728b)  -> (artifact id: 'a0332ebe043c355a5cbd761cf11a9e34') in 0.015961 seconds 
  Import took 0.019283 seconds .

========================================================================
Received Import Request.
  Time since last request: 7.253443 seconds.
  path: Assets/Prefabs/Animal_Horse_Black (1).prefab
  artifactKey: Guid(72302d8a9049e6e46a104b9cb6a55cd6) Importer(815301076,1909f56bfc062723c751e8b465ee728b)
Start importing Assets/Prefabs/Animal_Horse_Black (1).prefab using Guid(72302d8a9049e6e46a104b9cb6a55cd6) Importer(815301076,1909f56bfc062723c751e8b465ee728b)  -> (artifact id: '5fabb263574fa5ddd810b1d90deecb1f') in 0.015672 seconds 
  Import took 0.018905 seconds .

========================================================================
Received Import Request.
  Time since last request: 6.026864 seconds.
  path: Assets/Prefabs/Animal_Horse_Black (1).prefab
  artifactKey: Guid(72302d8a9049e6e46a104b9cb6a55cd6) Importer(815301076,1909f56bfc062723c751e8b465ee728b)
Start importing Assets/Prefabs/Animal_Horse_Black (1).prefab using Guid(72302d8a9049e6e46a104b9cb6a55cd6) Importer(815301076,1909f56bfc062723c751e8b465ee728b)  -> (artifact id: 'bc3dfe248c20cf10b65bd656b17fdfd5') in 0.018242 seconds 
  Import took 0.021608 seconds .

========================================================================
Received Import Request.
  Time since last request: 2.403860 seconds.
  path: Assets/Prefabs/Animal_Horse_Black (1).prefab
  artifactKey: Guid(72302d8a9049e6e46a104b9cb6a55cd6) Importer(815301076,1909f56bfc062723c751e8b465ee728b)
Start importing Assets/Prefabs/Animal_Horse_Black (1).prefab using Guid(72302d8a9049e6e46a104b9cb6a55cd6) Importer(815301076,1909f56bfc062723c751e8b465ee728b)  -> (artifact id: '7782a7e4741c41022620713fbfbaebd6') in 0.017985 seconds 
  Import took 0.021394 seconds .

========================================================================
Received Import Request.
  Time since last request: 2.201483 seconds.
  path: Assets/Prefabs/Animal_Horse_Black (1).prefab
  artifactKey: Guid(72302d8a9049e6e46a104b9cb6a55cd6) Importer(815301076,1909f56bfc062723c751e8b465ee728b)
Start importing Assets/Prefabs/Animal_Horse_Black (1).prefab using Guid(72302d8a9049e6e46a104b9cb6a55cd6) Importer(815301076,1909f56bfc062723c751e8b465ee728b)  -> (artifact id: 'b2ed1c74478f84d6cc55f4b87a0df25f') in 0.017801 seconds 
  Import took 0.021323 seconds .

========================================================================
Received Import Request.
  Time since last request: 1.791626 seconds.
  path: Assets/Prefabs/Animal_Horse_Black (1).prefab
  artifactKey: Guid(72302d8a9049e6e46a104b9cb6a55cd6) Importer(815301076,1909f56bfc062723c751e8b465ee728b)
Start importing Assets/Prefabs/Animal_Horse_Black (1).prefab using Guid(72302d8a9049e6e46a104b9cb6a55cd6) Importer(815301076,1909f56bfc062723c751e8b465ee728b)  -> (artifact id: '8f11b657093cedfdd42c0007c80fd15e') in 0.017962 seconds 
  Import took 0.021381 seconds .

========================================================================
Received Import Request.
  Time since last request: 11.896030 seconds.
  path: Assets/Prefabs/Animal_Horse_Black (1).prefab
  artifactKey: Guid(72302d8a9049e6e46a104b9cb6a55cd6) Importer(815301076,1909f56bfc062723c751e8b465ee728b)
Start importing Assets/Prefabs/Animal_Horse_Black (1).prefab using Guid(72302d8a9049e6e46a104b9cb6a55cd6) Importer(815301076,1909f56bfc062723c751e8b465ee728b)  -> (artifact id: '5b79e531ca2c1d5a8976a55d8c97c4c0') in 0.018067 seconds 
  Import took 0.022081 seconds .

========================================================================
Received Import Request.
  Time since last request: 25.384895 seconds.
  path: Assets/Prefabs/Dog_Labrador_01 (1).prefab
  artifactKey: Guid(fdd28921d49a1c24ba1d072096221a56) Importer(815301076,1909f56bfc062723c751e8b465ee728b)
Start importing Assets/Prefabs/Dog_Labrador_01 (1).prefab using Guid(fdd28921d49a1c24ba1d072096221a56) Importer(815301076,1909f56bfc062723c751e8b465ee728b)  -> (artifact id: '1ee6a287db13a8ba027da482e2bfac54') in 0.048715 seconds 
  Import took 0.054323 seconds .

========================================================================
Received Import Request.
  Time since last request: 5.387090 seconds.
  path: Assets/Prefabs/Dog_Labrador_01 (1).prefab
  artifactKey: Guid(fdd28921d49a1c24ba1d072096221a56) Importer(815301076,1909f56bfc062723c751e8b465ee728b)
Start importing Assets/Prefabs/Dog_Labrador_01 (1).prefab using Guid(fdd28921d49a1c24ba1d072096221a56) Importer(815301076,1909f56bfc062723c751e8b465ee728b)  -> (artifact id: 'cacc2e9b7c36fc8c782a66f6cb5b7882') in 0.047871 seconds 
  Import took 0.053593 seconds .

========================================================================
Received Import Request.
  Time since last request: 4.189821 seconds.
  path: Assets/Prefabs/Dog_Labrador_01 (1).prefab
  artifactKey: Guid(fdd28921d49a1c24ba1d072096221a56) Importer(815301076,1909f56bfc062723c751e8b465ee728b)
Start importing Assets/Prefabs/Dog_Labrador_01 (1).prefab using Guid(fdd28921d49a1c24ba1d072096221a56) Importer(815301076,1909f56bfc062723c751e8b465ee728b)  -> (artifact id: '4aa0e8c972ac11a138e8968c16c6fb52') in 0.050392 seconds 
  Import took 0.055596 seconds .

========================================================================
Received Import Request.
  Time since last request: 4.814082 seconds.
  path: Assets/Prefabs/Dog_Labrador_01 (1).prefab
  artifactKey: Guid(fdd28921d49a1c24ba1d072096221a56) Importer(815301076,1909f56bfc062723c751e8b465ee728b)
Start importing Assets/Prefabs/Dog_Labrador_01 (1).prefab using Guid(fdd28921d49a1c24ba1d072096221a56) Importer(815301076,1909f56bfc062723c751e8b465ee728b)  -> (artifact id: '2a621c91f230a94a67e91195e669ea2d') in 0.047132 seconds 
  Import took 0.052531 seconds .

========================================================================
Received Import Request.
  Time since last request: 6.370184 seconds.
  path: Assets/Prefabs/Dog_Labrador_01 (1).prefab
  artifactKey: Guid(fdd28921d49a1c24ba1d072096221a56) Importer(815301076,1909f56bfc062723c751e8b465ee728b)
Start importing Assets/Prefabs/Dog_Labrador_01 (1).prefab using Guid(fdd28921d49a1c24ba1d072096221a56) Importer(815301076,1909f56bfc062723c751e8b465ee728b)  -> (artifact id: '1cf6cf95f963dcad4efcc6bfdfdabb2f') in 0.046279 seconds 
  Import took 0.050632 seconds .

========================================================================
Received Import Request.
  Time since last request: 6.188683 seconds.
  path: Assets/Prefabs/Dog_Labrador_01 (1).prefab
  artifactKey: Guid(fdd28921d49a1c24ba1d072096221a56) Importer(815301076,1909f56bfc062723c751e8b465ee728b)
Start importing Assets/Prefabs/Dog_Labrador_01 (1).prefab using Guid(fdd28921d49a1c24ba1d072096221a56) Importer(815301076,1909f56bfc062723c751e8b465ee728b)  -> (artifact id: 'c7cdeacf73bbb61e580191349bab719a') in 0.046918 seconds 
  Import took 0.051298 seconds .

========================================================================
Received Prepare
Registering precompiled user dll's ...
Registered in 0.004410 seconds.
Begin MonoManager ReloadAssembly
Native extension for WindowsStandalone target not found
Refreshing native plugins compatible for Editor in 0.39 ms, found 2 plugins.
Preloading 0 native plugins for Editor in 0.00 ms.
Mono: successfully reloaded assembly
- Completed reload, in  1.039 seconds
Domain Reload Profiling:
	ReloadAssembly (1040ms)
		BeginReloadAssembly (123ms)
			ExecutionOrderSort (0ms)
			DisableScriptedObjects (5ms)
			BackupInstance (0ms)
			ReleaseScriptingObjects (0ms)
			CreateAndSetChildDomain (34ms)
		EndReloadAssembly (852ms)
			LoadAssemblies (95ms)
			RebuildTransferFunctionScriptingTraits (0ms)
			SetupTypeCache (316ms)
			ReleaseScriptCaches (1ms)
			RebuildScriptCaches (40ms)
			SetupLoadedEditorAssemblies (293ms)
				LogAssemblyErrors (0ms)
				InitializePlatformSupportModulesInManaged (5ms)
				SetLoadedEditorAssemblies (0ms)
				RefreshPlugins (0ms)
				BeforeProcessingInitializeOnLoad (73ms)
				ProcessInitializeOnLoadAttributes (204ms)
				ProcessInitializeOnLoadMethodAttributes (4ms)
				AfterProcessingInitializeOnLoad (5ms)
				EditorAssembliesLoaded (0ms)
			ExecutionOrderSort2 (0ms)
			AwakeInstancesAfterBackupRestoration (7ms)
Platform modules already initialized, skipping
Refreshing native plugins compatible for Editor in 0.39 ms, found 2 plugins.
Preloading 0 native plugins for Editor in 0.00 ms.
Unloading 1443 Unused Serialized files (Serialized files now loaded: 0)
System memory in use before: 83.6 MB.
System memory in use after: 83.7 MB.

Unloading 18 unused Assets to reduce memory usage. Loaded Objects now: 1911.
Total: 3.401100 ms (FindLiveObjects: 0.150300 ms CreateObjectMapping: 0.048400 ms MarkObjects: 3.163300 ms  DeleteObjects: 0.037800 ms)

AssetImportParameters requested are different than current active one (requested -> active):
  custom:framework-win-MediaFoundation: 216162199b28c13a410421893ffa2e32 -> 
  custom:video-decoder-ogg-theora: a1e56fd34408186e4bbccfd4996cb3dc -> 
  custom:container-muxer-webm: aa71ff27fc2769a1b78a27578f13a17b -> 
  custom:container-demuxer-webm: 4f35f7cbe854078d1ac9338744f61a02 -> 
  custom:container-demuxer-ogg: 62fdf1f143b41e24485cea50d1cbac27 -> 
  custom:video-encoder-webm-vp8: eb34c28f22e8b96e1ab97ce403110664 -> 
  custom:video-decoder-webm-vp8: 9c59270c3fd7afecdb556c50c9e8de78 -> 
  custom:audio-decoder-ogg-vorbis: bf7c407c2cedff20999df2af8eb42d56 -> 
  custom:audio-encoder-webm-vorbis: bf7c407c2cedff20999df2af8eb42d56 -> 
========================================================================
Received Prepare
Registering precompiled user dll's ...
Registered in 0.004264 seconds.
Begin MonoManager ReloadAssembly
Native extension for WindowsStandalone target not found
Refreshing native plugins compatible for Editor in 0.38 ms, found 2 plugins.
Preloading 0 native plugins for Editor in 0.00 ms.
Mono: successfully reloaded assembly
- Completed reload, in  1.034 seconds
Domain Reload Profiling:
	ReloadAssembly (1035ms)
		BeginReloadAssembly (114ms)
			ExecutionOrderSort (0ms)
			DisableScriptedObjects (5ms)
			BackupInstance (0ms)
			ReleaseScriptingObjects (0ms)
			CreateAndSetChildDomain (31ms)
		EndReloadAssembly (854ms)
			LoadAssemblies (91ms)
			RebuildTransferFunctionScriptingTraits (0ms)
			SetupTypeCache (300ms)
			ReleaseScriptCaches (1ms)
			RebuildScriptCaches (41ms)
			SetupLoadedEditorAssemblies (305ms)
				LogAssemblyErrors (0ms)
				InitializePlatformSupportModulesInManaged (5ms)
				SetLoadedEditorAssemblies (1ms)
				RefreshPlugins (0ms)
				BeforeProcessingInitializeOnLoad (84ms)
				ProcessInitializeOnLoadAttributes (206ms)
				ProcessInitializeOnLoadMethodAttributes (4ms)
				AfterProcessingInitializeOnLoad (5ms)
				EditorAssembliesLoaded (0ms)
			ExecutionOrderSort2 (0ms)
			AwakeInstancesAfterBackupRestoration (7ms)
Platform modules already initialized, skipping
Refreshing native plugins compatible for Editor in 0.39 ms, found 2 plugins.
Preloading 0 native plugins for Editor in 0.00 ms.
Unloading 1443 Unused Serialized files (Serialized files now loaded: 0)
System memory in use before: 83.6 MB.
System memory in use after: 83.7 MB.

Unloading 18 unused Assets to reduce memory usage. Loaded Objects now: 1913.
Total: 2.877100 ms (FindLiveObjects: 0.141000 ms CreateObjectMapping: 0.047700 ms MarkObjects: 2.645900 ms  DeleteObjects: 0.041600 ms)

AssetImportParameters requested are different than current active one (requested -> active):
  custom:framework-win-MediaFoundation: 216162199b28c13a410421893ffa2e32 -> 
  custom:video-decoder-ogg-theora: a1e56fd34408186e4bbccfd4996cb3dc -> 
  custom:container-muxer-webm: aa71ff27fc2769a1b78a27578f13a17b -> 
  custom:container-demuxer-webm: 4f35f7cbe854078d1ac9338744f61a02 -> 
  custom:container-demuxer-ogg: 62fdf1f143b41e24485cea50d1cbac27 -> 
  custom:video-encoder-webm-vp8: eb34c28f22e8b96e1ab97ce403110664 -> 
  custom:video-decoder-webm-vp8: 9c59270c3fd7afecdb556c50c9e8de78 -> 
  custom:audio-decoder-ogg-vorbis: bf7c407c2cedff20999df2af8eb42d56 -> 
  custom:audio-encoder-webm-vorbis: bf7c407c2cedff20999df2af8eb42d56 -> 
========================================================================
Received Prepare
Registering precompiled user dll's ...
Registered in 0.004192 seconds.
Begin MonoManager ReloadAssembly
Native extension for WindowsStandalone target not found
Refreshing native plugins compatible for Editor in 0.48 ms, found 2 plugins.
Preloading 0 native plugins for Editor in 0.00 ms.
Mono: successfully reloaded assembly
- Completed reload, in  1.008 seconds
Domain Reload Profiling:
	ReloadAssembly (1008ms)
		BeginReloadAssembly (109ms)
			ExecutionOrderSort (0ms)
			DisableScriptedObjects (5ms)
			BackupInstance (0ms)
			ReleaseScriptingObjects (0ms)
			CreateAndSetChildDomain (32ms)
		EndReloadAssembly (832ms)
			LoadAssemblies (88ms)
			RebuildTransferFunctionScriptingTraits (0ms)
			SetupTypeCache (281ms)
			ReleaseScriptCaches (1ms)
			RebuildScriptCaches (39ms)
			SetupLoadedEditorAssemblies (311ms)
				LogAssemblyErrors (0ms)
				InitializePlatformSupportModulesInManaged (6ms)
				SetLoadedEditorAssemblies (0ms)
				RefreshPlugins (1ms)
				BeforeProcessingInitializeOnLoad (80ms)
				ProcessInitializeOnLoadAttributes (214ms)
				ProcessInitializeOnLoadMethodAttributes (4ms)
				AfterProcessingInitializeOnLoad (5ms)
				EditorAssembliesLoaded (0ms)
			ExecutionOrderSort2 (0ms)
			AwakeInstancesAfterBackupRestoration (8ms)
Platform modules already initialized, skipping
Refreshing native plugins compatible for Editor in 0.40 ms, found 2 plugins.
Preloading 0 native plugins for Editor in 0.00 ms.
Unloading 1443 Unused Serialized files (Serialized files now loaded: 0)
System memory in use before: 83.6 MB.
System memory in use after: 83.7 MB.

Unloading 18 unused Assets to reduce memory usage. Loaded Objects now: 1915.
Total: 2.915100 ms (FindLiveObjects: 0.157500 ms CreateObjectMapping: 0.055300 ms MarkObjects: 2.681400 ms  DeleteObjects: 0.019300 ms)

AssetImportParameters requested are different than current active one (requested -> active):
  custom:framework-win-MediaFoundation: 216162199b28c13a410421893ffa2e32 -> 
  custom:video-decoder-ogg-theora: a1e56fd34408186e4bbccfd4996cb3dc -> 
  custom:container-muxer-webm: aa71ff27fc2769a1b78a27578f13a17b -> 
  custom:container-demuxer-webm: 4f35f7cbe854078d1ac9338744f61a02 -> 
  custom:container-demuxer-ogg: 62fdf1f143b41e24485cea50d1cbac27 -> 
  custom:video-encoder-webm-vp8: eb34c28f22e8b96e1ab97ce403110664 -> 
  custom:video-decoder-webm-vp8: 9c59270c3fd7afecdb556c50c9e8de78 -> 
  custom:audio-decoder-ogg-vorbis: bf7c407c2cedff20999df2af8eb42d56 -> 
  custom:audio-encoder-webm-vorbis: bf7c407c2cedff20999df2af8eb42d56 -> 
========================================================================
Received Prepare
Registering precompiled user dll's ...
Registered in 0.004373 seconds.
Begin MonoManager ReloadAssembly
Native extension for WindowsStandalone target not found
Refreshing native plugins compatible for Editor in 0.48 ms, found 2 plugins.
Preloading 0 native plugins for Editor in 0.00 ms.
Mono: successfully reloaded assembly
- Completed reload, in  1.056 seconds
Domain Reload Profiling:
	ReloadAssembly (1057ms)
		BeginReloadAssembly (118ms)
			ExecutionOrderSort (0ms)
			DisableScriptedObjects (5ms)
			BackupInstance (0ms)
			ReleaseScriptingObjects (0ms)
			CreateAndSetChildDomain (31ms)
		EndReloadAssembly (868ms)
			LoadAssemblies (94ms)
			RebuildTransferFunctionScriptingTraits (0ms)
			SetupTypeCache (332ms)
			ReleaseScriptCaches (1ms)
			RebuildScriptCaches (43ms)
			SetupLoadedEditorAssemblies (292ms)
				LogAssemblyErrors (0ms)
				InitializePlatformSupportModulesInManaged (5ms)
				SetLoadedEditorAssemblies (1ms)
				RefreshPlugins (1ms)
				BeforeProcessingInitializeOnLoad (74ms)
				ProcessInitializeOnLoadAttributes (202ms)
				ProcessInitializeOnLoadMethodAttributes (4ms)
				AfterProcessingInitializeOnLoad (5ms)
				EditorAssembliesLoaded (0ms)
			ExecutionOrderSort2 (0ms)
			AwakeInstancesAfterBackupRestoration (7ms)
Platform modules already initialized, skipping
Refreshing native plugins compatible for Editor in 0.46 ms, found 2 plugins.
Preloading 0 native plugins for Editor in 0.00 ms.
Unloading 1443 Unused Serialized files (Serialized files now loaded: 0)
System memory in use before: 83.6 MB.
System memory in use after: 83.7 MB.

Unloading 18 unused Assets to reduce memory usage. Loaded Objects now: 1917.
Total: 3.693100 ms (FindLiveObjects: 0.138700 ms CreateObjectMapping: 0.043500 ms MarkObjects: 3.464200 ms  DeleteObjects: 0.045600 ms)

AssetImportParameters requested are different than current active one (requested -> active):
  custom:framework-win-MediaFoundation: 216162199b28c13a410421893ffa2e32 -> 
  custom:video-decoder-ogg-theora: a1e56fd34408186e4bbccfd4996cb3dc -> 
  custom:container-muxer-webm: aa71ff27fc2769a1b78a27578f13a17b -> 
  custom:container-demuxer-webm: 4f35f7cbe854078d1ac9338744f61a02 -> 
  custom:container-demuxer-ogg: 62fdf1f143b41e24485cea50d1cbac27 -> 
  custom:video-encoder-webm-vp8: eb34c28f22e8b96e1ab97ce403110664 -> 
  custom:video-decoder-webm-vp8: 9c59270c3fd7afecdb556c50c9e8de78 -> 
  custom:audio-decoder-ogg-vorbis: bf7c407c2cedff20999df2af8eb42d56 -> 
  custom:audio-encoder-webm-vorbis: bf7c407c2cedff20999df2af8eb42d56 -> 
========================================================================
Received Prepare
Registering precompiled user dll's ...
Registered in 0.004193 seconds.
Begin MonoManager ReloadAssembly
Native extension for WindowsStandalone target not found
Refreshing native plugins compatible for Editor in 0.39 ms, found 2 plugins.
Preloading 0 native plugins for Editor in 0.00 ms.
Mono: successfully reloaded assembly
- Completed reload, in  1.043 seconds
Domain Reload Profiling:
	ReloadAssembly (1043ms)
		BeginReloadAssembly (110ms)
			ExecutionOrderSort (0ms)
			DisableScriptedObjects (5ms)
			BackupInstance (0ms)
			ReleaseScriptingObjects (0ms)
			CreateAndSetChildDomain (32ms)
		EndReloadAssembly (850ms)
			LoadAssemblies (93ms)
			RebuildTransferFunctionScriptingTraits (0ms)
			SetupTypeCache (292ms)
			ReleaseScriptCaches (1ms)
			RebuildScriptCaches (43ms)
			SetupLoadedEditorAssemblies (309ms)
				LogAssemblyErrors (0ms)
				InitializePlatformSupportModulesInManaged (5ms)
				SetLoadedEditorAssemblies (0ms)
				RefreshPlugins (0ms)
				BeforeProcessingInitializeOnLoad (79ms)
				ProcessInitializeOnLoadAttributes (214ms)
				ProcessInitializeOnLoadMethodAttributes (5ms)
				AfterProcessingInitializeOnLoad (5ms)
				EditorAssembliesLoaded (0ms)
			ExecutionOrderSort2 (0ms)
			AwakeInstancesAfterBackupRestoration (8ms)
Platform modules already initialized, skipping
Refreshing native plugins compatible for Editor in 0.40 ms, found 2 plugins.
Preloading 0 native plugins for Editor in 0.00 ms.
Unloading 1443 Unused Serialized files (Serialized files now loaded: 0)
System memory in use before: 83.6 MB.
System memory in use after: 83.7 MB.

Unloading 18 unused Assets to reduce memory usage. Loaded Objects now: 1919.
Total: 2.788800 ms (FindLiveObjects: 0.157500 ms CreateObjectMapping: 0.052000 ms MarkObjects: 2.558200 ms  DeleteObjects: 0.019900 ms)

AssetImportParameters requested are different than current active one (requested -> active):
  custom:framework-win-MediaFoundation: 216162199b28c13a410421893ffa2e32 -> 
  custom:video-decoder-ogg-theora: a1e56fd34408186e4bbccfd4996cb3dc -> 
  custom:container-muxer-webm: aa71ff27fc2769a1b78a27578f13a17b -> 
  custom:container-demuxer-webm: 4f35f7cbe854078d1ac9338744f61a02 -> 
  custom:container-demuxer-ogg: 62fdf1f143b41e24485cea50d1cbac27 -> 
  custom:video-encoder-webm-vp8: eb34c28f22e8b96e1ab97ce403110664 -> 
  custom:video-decoder-webm-vp8: 9c59270c3fd7afecdb556c50c9e8de78 -> 
  custom:audio-decoder-ogg-vorbis: bf7c407c2cedff20999df2af8eb42d56 -> 
  custom:audio-encoder-webm-vorbis: bf7c407c2cedff20999df2af8eb42d56 -> 
========================================================================
Received Prepare
Registering precompiled user dll's ...
Registered in 0.004250 seconds.
Begin MonoManager ReloadAssembly
Native extension for WindowsStandalone target not found
Refreshing native plugins compatible for Editor in 0.38 ms, found 2 plugins.
Preloading 0 native plugins for Editor in 0.00 ms.
Mono: successfully reloaded assembly
- Completed reload, in  1.032 seconds
Domain Reload Profiling:
	ReloadAssembly (1032ms)
		BeginReloadAssembly (114ms)
			ExecutionOrderSort (0ms)
			DisableScriptedObjects (5ms)
			BackupInstance (0ms)
			ReleaseScriptingObjects (0ms)
			CreateAndSetChildDomain (31ms)
		EndReloadAssembly (853ms)
			LoadAssemblies (92ms)
			RebuildTransferFunctionScriptingTraits (0ms)
			SetupTypeCache (303ms)
			ReleaseScriptCaches (1ms)
			RebuildScriptCaches (46ms)
			SetupLoadedEditorAssemblies (295ms)
				LogAssemblyErrors (0ms)
				InitializePlatformSupportModulesInManaged (5ms)
				SetLoadedEditorAssemblies (0ms)
				RefreshPlugins (0ms)
				BeforeProcessingInitializeOnLoad (77ms)
				ProcessInitializeOnLoadAttributes (203ms)
				ProcessInitializeOnLoadMethodAttributes (4ms)
				AfterProcessingInitializeOnLoad (5ms)
				EditorAssembliesLoaded (0ms)
			ExecutionOrderSort2 (0ms)
			AwakeInstancesAfterBackupRestoration (7ms)
Platform modules already initialized, skipping
Refreshing native plugins compatible for Editor in 0.40 ms, found 2 plugins.
Preloading 0 native plugins for Editor in 0.00 ms.
Unloading 1443 Unused Serialized files (Serialized files now loaded: 0)
System memory in use before: 83.6 MB.
System memory in use after: 83.7 MB.

Unloading 18 unused Assets to reduce memory usage. Loaded Objects now: 1921.
Total: 3.340300 ms (FindLiveObjects: 0.142300 ms CreateObjectMapping: 0.048500 ms MarkObjects: 3.108500 ms  DeleteObjects: 0.040000 ms)

AssetImportParameters requested are different than current active one (requested -> active):
  custom:framework-win-MediaFoundation: 216162199b28c13a410421893ffa2e32 -> 
  custom:video-decoder-ogg-theora: a1e56fd34408186e4bbccfd4996cb3dc -> 
  custom:container-muxer-webm: aa71ff27fc2769a1b78a27578f13a17b -> 
  custom:container-demuxer-webm: 4f35f7cbe854078d1ac9338744f61a02 -> 
  custom:container-demuxer-ogg: 62fdf1f143b41e24485cea50d1cbac27 -> 
  custom:video-encoder-webm-vp8: eb34c28f22e8b96e1ab97ce403110664 -> 
  custom:video-decoder-webm-vp8: 9c59270c3fd7afecdb556c50c9e8de78 -> 
  custom:audio-decoder-ogg-vorbis: bf7c407c2cedff20999df2af8eb42d56 -> 
  custom:audio-encoder-webm-vorbis: bf7c407c2cedff20999df2af8eb42d56 -> 
========================================================================
Received Prepare
Registering precompiled user dll's ...
Registered in 0.005687 seconds.
Begin MonoManager ReloadAssembly
Native extension for WindowsStandalone target not found
Refreshing native plugins compatible for Editor in 0.38 ms, found 2 plugins.
Preloading 0 native plugins for Editor in 0.00 ms.
Mono: successfully reloaded assembly
- Completed reload, in  1.029 seconds
Domain Reload Profiling:
	ReloadAssembly (1029ms)
		BeginReloadAssembly (122ms)
			ExecutionOrderSort (0ms)
			DisableScriptedObjects (6ms)
			BackupInstance (0ms)
			ReleaseScriptingObjects (0ms)
			CreateAndSetChildDomain (36ms)
		EndReloadAssembly (839ms)
			LoadAssemblies (99ms)
			RebuildTransferFunctionScriptingTraits (0ms)
			SetupTypeCache (290ms)
			ReleaseScriptCaches (1ms)
			RebuildScriptCaches (41ms)
			SetupLoadedEditorAssemblies (309ms)
				LogAssemblyErrors (0ms)
				InitializePlatformSupportModulesInManaged (5ms)
				SetLoadedEditorAssemblies (1ms)
				RefreshPlugins (0ms)
				BeforeProcessingInitializeOnLoad (77ms)
				ProcessInitializeOnLoadAttributes (216ms)
				ProcessInitializeOnLoadMethodAttributes (4ms)
				AfterProcessingInitializeOnLoad (5ms)
				EditorAssembliesLoaded (0ms)
			ExecutionOrderSort2 (0ms)
			AwakeInstancesAfterBackupRestoration (8ms)
Platform modules already initialized, skipping
Refreshing native plugins compatible for Editor in 0.41 ms, found 2 plugins.
Preloading 0 native plugins for Editor in 0.00 ms.
Unloading 1443 Unused Serialized files (Serialized files now loaded: 0)
System memory in use before: 83.6 MB.
System memory in use after: 83.7 MB.

Unloading 18 unused Assets to reduce memory usage. Loaded Objects now: 1923.
Total: 3.105200 ms (FindLiveObjects: 0.155100 ms CreateObjectMapping: 0.048100 ms MarkObjects: 2.866200 ms  DeleteObjects: 0.035000 ms)

AssetImportParameters requested are different than current active one (requested -> active):
  custom:framework-win-MediaFoundation: 216162199b28c13a410421893ffa2e32 -> 
  custom:video-decoder-ogg-theora: a1e56fd34408186e4bbccfd4996cb3dc -> 
  custom:container-muxer-webm: aa71ff27fc2769a1b78a27578f13a17b -> 
  custom:container-demuxer-webm: 4f35f7cbe854078d1ac9338744f61a02 -> 
  custom:container-demuxer-ogg: 62fdf1f143b41e24485cea50d1cbac27 -> 
  custom:video-encoder-webm-vp8: eb34c28f22e8b96e1ab97ce403110664 -> 
  custom:video-decoder-webm-vp8: 9c59270c3fd7afecdb556c50c9e8de78 -> 
  custom:audio-decoder-ogg-vorbis: bf7c407c2cedff20999df2af8eb42d56 -> 
  custom:audio-encoder-webm-vorbis: bf7c407c2cedff20999df2af8eb42d56 -> 
========================================================================
Received Import Request.
  Time since last request: 891.554722 seconds.
  path: Assets/Prefabs/Animal_Horse_Black (1).prefab
  artifactKey: Guid(72302d8a9049e6e46a104b9cb6a55cd6) Importer(815301076,1909f56bfc062723c751e8b465ee728b)
Start importing Assets/Prefabs/Animal_Horse_Black (1).prefab using Guid(72302d8a9049e6e46a104b9cb6a55cd6) Importer(815301076,1909f56bfc062723c751e8b465ee728b)  -> (artifact id: '8191a1505512433d9a374c88f5fe98df') in 0.096788 seconds 
  Import took 0.100235 seconds .

========================================================================
Received Import Request.
  Time since last request: 12.997906 seconds.
  path: Assets/Prefabs/Animal_Horse_Black (1).prefab
  artifactKey: Guid(72302d8a9049e6e46a104b9cb6a55cd6) Importer(815301076,1909f56bfc062723c751e8b465ee728b)
Start importing Assets/Prefabs/Animal_Horse_Black (1).prefab using Guid(72302d8a9049e6e46a104b9cb6a55cd6) Importer(815301076,1909f56bfc062723c751e8b465ee728b)  -> (artifact id: 'afa7297b2972c223925a7dc88c95cada') in 0.019179 seconds 
  Import took 0.023051 seconds .

========================================================================
Received Import Request.
  Time since last request: 6.641419 seconds.
  path: Assets/Prefabs/Animal_Horse_Black (1).prefab
  artifactKey: Guid(72302d8a9049e6e46a104b9cb6a55cd6) Importer(815301076,1909f56bfc062723c751e8b465ee728b)
Start importing Assets/Prefabs/Animal_Horse_Black (1).prefab using Guid(72302d8a9049e6e46a104b9cb6a55cd6) Importer(815301076,1909f56bfc062723c751e8b465ee728b)  -> (artifact id: '8aa38d2d22d7dc93a3e3072beb0834c4') in 0.015856 seconds 
  Import took 0.019116 seconds .

========================================================================
Received Import Request.
  Time since last request: 4.819832 seconds.
  path: Assets/Prefabs/Animal_Horse_Black (1).prefab
  artifactKey: Guid(72302d8a9049e6e46a104b9cb6a55cd6) Importer(815301076,1909f56bfc062723c751e8b465ee728b)
Start importing Assets/Prefabs/Animal_Horse_Black (1).prefab using Guid(72302d8a9049e6e46a104b9cb6a55cd6) Importer(815301076,1909f56bfc062723c751e8b465ee728b)  -> (artifact id: 'ca04ab118bc4dc4f2856b0456dc05753') in 0.017035 seconds 
  Import took 0.020373 seconds .

========================================================================
Received Import Request.
  Time since last request: 3.612284 seconds.
  path: Assets/Prefabs/Animal_Horse_Black (1).prefab
  artifactKey: Guid(72302d8a9049e6e46a104b9cb6a55cd6) Importer(815301076,1909f56bfc062723c751e8b465ee728b)
Start importing Assets/Prefabs/Animal_Horse_Black (1).prefab using Guid(72302d8a9049e6e46a104b9cb6a55cd6) Importer(815301076,1909f56bfc062723c751e8b465ee728b)  -> (artifact id: 'a45254b13efe430329ff4c71cafbe798') in 0.017489 seconds 
  Import took 0.020786 seconds .

========================================================================
Received Import Request.
  Time since last request: 7.442909 seconds.
  path: Assets/Prefabs/Animal_Horse_Black (1).prefab
  artifactKey: Guid(72302d8a9049e6e46a104b9cb6a55cd6) Importer(815301076,1909f56bfc062723c751e8b465ee728b)
Start importing Assets/Prefabs/Animal_Horse_Black (1).prefab using Guid(72302d8a9049e6e46a104b9cb6a55cd6) Importer(815301076,1909f56bfc062723c751e8b465ee728b)  -> (artifact id: '41a11c86ea518897c393c181bcb5aa49') in 0.015708 seconds 
  Import took 0.019115 seconds .

========================================================================
Received Import Request.
  Time since last request: 4.611611 seconds.
  path: Assets/Prefabs/Animal_Horse_Black (1).prefab
  artifactKey: Guid(72302d8a9049e6e46a104b9cb6a55cd6) Importer(815301076,1909f56bfc062723c751e8b465ee728b)
Start importing Assets/Prefabs/Animal_Horse_Black (1).prefab using Guid(72302d8a9049e6e46a104b9cb6a55cd6) Importer(815301076,1909f56bfc062723c751e8b465ee728b)  -> (artifact id: '9ff2c3db58f4f59203dd3ce1547b7e54') in 0.017784 seconds 
  Import took 0.021829 seconds .

========================================================================
Received Import Request.
  Time since last request: 9.276777 seconds.
  path: Assets/Prefabs/Animal_Horse_Black (1).prefab
  artifactKey: Guid(72302d8a9049e6e46a104b9cb6a55cd6) Importer(815301076,1909f56bfc062723c751e8b465ee728b)
Start importing Assets/Prefabs/Animal_Horse_Black (1).prefab using Guid(72302d8a9049e6e46a104b9cb6a55cd6) Importer(815301076,1909f56bfc062723c751e8b465ee728b)  -> (artifact id: '46b154ddfad9c71331f525bb4c7cad37') in 0.016750 seconds 
  Import took 0.020080 seconds .

========================================================================
Received Import Request.
  Time since last request: 19.950053 seconds.
  path: Assets/Prefabs/Animal_Horse_Black (1).prefab
  artifactKey: Guid(72302d8a9049e6e46a104b9cb6a55cd6) Importer(815301076,1909f56bfc062723c751e8b465ee728b)
Start importing Assets/Prefabs/Animal_Horse_Black (1).prefab using Guid(72302d8a9049e6e46a104b9cb6a55cd6) Importer(815301076,1909f56bfc062723c751e8b465ee728b)  -> (artifact id: '14967b67b4f65a0cfc481c6cdd6b595f') in 0.015855 seconds 
  Import took 0.019170 seconds .

========================================================================
Received Prepare
Registering precompiled user dll's ...
Registered in 0.005154 seconds.
Begin MonoManager ReloadAssembly
Native extension for WindowsStandalone target not found
Refreshing native plugins compatible for Editor in 0.39 ms, found 2 plugins.
Preloading 0 native plugins for Editor in 0.00 ms.
Mono: successfully reloaded assembly
- Completed reload, in  1.014 seconds
Domain Reload Profiling:
	ReloadAssembly (1014ms)
		BeginReloadAssembly (116ms)
			ExecutionOrderSort (0ms)
			DisableScriptedObjects (5ms)
			BackupInstance (0ms)
			ReleaseScriptingObjects (0ms)
			CreateAndSetChildDomain (38ms)
		EndReloadAssembly (833ms)
			LoadAssemblies (89ms)
			RebuildTransferFunctionScriptingTraits (0ms)
			SetupTypeCache (281ms)
			ReleaseScriptCaches (1ms)
			RebuildScriptCaches (38ms)
			SetupLoadedEditorAssemblies (317ms)
				LogAssemblyErrors (0ms)
				InitializePlatformSupportModulesInManaged (6ms)
				SetLoadedEditorAssemblies (1ms)
				RefreshPlugins (0ms)
				BeforeProcessingInitializeOnLoad (81ms)
				ProcessInitializeOnLoadAttributes (219ms)
				ProcessInitializeOnLoadMethodAttributes (4ms)
				AfterProcessingInitializeOnLoad (5ms)
				EditorAssembliesLoaded (0ms)
			ExecutionOrderSort2 (0ms)
			AwakeInstancesAfterBackupRestoration (9ms)
Platform modules already initialized, skipping
Refreshing native plugins compatible for Editor in 0.44 ms, found 2 plugins.
Preloading 0 native plugins for Editor in 0.00 ms.
Unloading 1443 Unused Serialized files (Serialized files now loaded: 0)
System memory in use before: 83.6 MB.
System memory in use after: 83.7 MB.

Unloading 18 unused Assets to reduce memory usage. Loaded Objects now: 1926.
Total: 2.867700 ms (FindLiveObjects: 0.146600 ms CreateObjectMapping: 0.048000 ms MarkObjects: 2.627900 ms  DeleteObjects: 0.044200 ms)

AssetImportParameters requested are different than current active one (requested -> active):
  custom:framework-win-MediaFoundation: 216162199b28c13a410421893ffa2e32 -> 
  custom:video-decoder-ogg-theora: a1e56fd34408186e4bbccfd4996cb3dc -> 
  custom:container-muxer-webm: aa71ff27fc2769a1b78a27578f13a17b -> 
  custom:container-demuxer-webm: 4f35f7cbe854078d1ac9338744f61a02 -> 
  custom:container-demuxer-ogg: 62fdf1f143b41e24485cea50d1cbac27 -> 
  custom:video-encoder-webm-vp8: eb34c28f22e8b96e1ab97ce403110664 -> 
  custom:video-decoder-webm-vp8: 9c59270c3fd7afecdb556c50c9e8de78 -> 
  custom:audio-decoder-ogg-vorbis: bf7c407c2cedff20999df2af8eb42d56 -> 
  custom:audio-encoder-webm-vorbis: bf7c407c2cedff20999df2af8eb42d56 -> 
========================================================================
Received Import Request.
  Time since last request: 63.382156 seconds.
  path: Assets/Prefabs/Animal_Horse_Black (1).prefab
  artifactKey: Guid(72302d8a9049e6e46a104b9cb6a55cd6) Importer(815301076,1909f56bfc062723c751e8b465ee728b)
Start importing Assets/Prefabs/Animal_Horse_Black (1).prefab using Guid(72302d8a9049e6e46a104b9cb6a55cd6) Importer(815301076,1909f56bfc062723c751e8b465ee728b)  -> (artifact id: '046be0e168479528f4aee01f32df2a1e') in 0.063462 seconds 
  Import took 0.066500 seconds .

========================================================================
Received Import Request.
  Time since last request: 5.615587 seconds.
  path: Assets/Prefabs/Dog_Labrador_01 (1).prefab
  artifactKey: Guid(fdd28921d49a1c24ba1d072096221a56) Importer(815301076,1909f56bfc062723c751e8b465ee728b)
Start importing Assets/Prefabs/Dog_Labrador_01 (1).prefab using Guid(fdd28921d49a1c24ba1d072096221a56) Importer(815301076,1909f56bfc062723c751e8b465ee728b)  -> (artifact id: 'fea43a2b9e0a7da323fb04ac4f74b8a8') in 0.043317 seconds 
  Import took 0.047687 seconds .

========================================================================
Received Prepare
Registering precompiled user dll's ...
Registered in 0.004517 seconds.
Begin MonoManager ReloadAssembly
Native extension for WindowsStandalone target not found
Refreshing native plugins compatible for Editor in 0.38 ms, found 2 plugins.
Preloading 0 native plugins for Editor in 0.00 ms.
Mono: successfully reloaded assembly
- Completed reload, in  1.002 seconds
Domain Reload Profiling:
	ReloadAssembly (1003ms)
		BeginReloadAssembly (115ms)
			ExecutionOrderSort (0ms)
			DisableScriptedObjects (5ms)
			BackupInstance (0ms)
			ReleaseScriptingObjects (0ms)
			CreateAndSetChildDomain (33ms)
		EndReloadAssembly (821ms)
			LoadAssemblies (87ms)
			RebuildTransferFunctionScriptingTraits (0ms)
			SetupTypeCache (283ms)
			ReleaseScriptCaches (1ms)
			RebuildScriptCaches (39ms)
			SetupLoadedEditorAssemblies (303ms)
				LogAssemblyErrors (0ms)
				InitializePlatformSupportModulesInManaged (5ms)
				SetLoadedEditorAssemblies (1ms)
				RefreshPlugins (0ms)
				BeforeProcessingInitializeOnLoad (77ms)
				ProcessInitializeOnLoadAttributes (211ms)
				ProcessInitializeOnLoadMethodAttributes (4ms)
				AfterProcessingInitializeOnLoad (5ms)
				EditorAssembliesLoaded (0ms)
			ExecutionOrderSort2 (0ms)
			AwakeInstancesAfterBackupRestoration (7ms)
Platform modules already initialized, skipping
Refreshing native plugins compatible for Editor in 0.40 ms, found 2 plugins.
Preloading 0 native plugins for Editor in 0.00 ms.
Unloading 1443 Unused Serialized files (Serialized files now loaded: 0)
System memory in use before: 83.6 MB.
System memory in use after: 83.7 MB.

Unloading 18 unused Assets to reduce memory usage. Loaded Objects now: 1929.
Total: 3.216500 ms (FindLiveObjects: 0.148700 ms CreateObjectMapping: 0.050400 ms MarkObjects: 2.985700 ms  DeleteObjects: 0.030400 ms)

AssetImportParameters requested are different than current active one (requested -> active):
  custom:framework-win-MediaFoundation: 216162199b28c13a410421893ffa2e32 -> 
  custom:video-decoder-ogg-theora: a1e56fd34408186e4bbccfd4996cb3dc -> 
  custom:container-muxer-webm: aa71ff27fc2769a1b78a27578f13a17b -> 
  custom:container-demuxer-webm: 4f35f7cbe854078d1ac9338744f61a02 -> 
  custom:container-demuxer-ogg: 62fdf1f143b41e24485cea50d1cbac27 -> 
  custom:video-encoder-webm-vp8: eb34c28f22e8b96e1ab97ce403110664 -> 
  custom:video-decoder-webm-vp8: 9c59270c3fd7afecdb556c50c9e8de78 -> 
  custom:audio-decoder-ogg-vorbis: bf7c407c2cedff20999df2af8eb42d56 -> 
  custom:audio-encoder-webm-vorbis: bf7c407c2cedff20999df2af8eb42d56 -> 
AssetImportWorkerClient::OnTransportError - code=2 error=End of file
